2019-09-08 13:25:59,576  INFO [main] LogReports:23 - Chrome browser started...
2019-09-08 13:31:06,771  INFO [main] LogReports:23 - Chrome browser started...
2019-09-08 13:33:32,925  INFO [main] LogReports:23 - Chrome browser started...
2019-09-08 13:35:34,555  INFO [main] LogReports:23 - Chrome browser started...
2019-09-08 13:36:40,333  INFO [main] LogReports:23 - Chrome browser started...
2019-09-08 13:39:06,700  INFO [main] LogReports:23 - Chrome browser started...
2019-09-08 13:45:38,915  INFO [main] LogReports:23 - Chrome browser started...
2019-09-08 13:48:34,146  INFO [main] LogReports:23 - Chrome browser started...
2019-09-08 13:50:20,810  INFO [main] LogReports:23 - Chrome browser started...
2019-09-08 13:53:46,646  INFO [main] LogReports:23 - Chrome browser started...
2019-09-08 13:53:50,865  INFO [main] LogReports:23 - Application is open...
2019-09-08 13:55:45,442  INFO [main] LogReports:23 - Chrome browser started...
2019-09-08 13:56:52,844  INFO [main] LogReports:23 - Chrome browser started...
2019-09-08 13:57:50,611  INFO [main] LogReports:23 - Application is open...
2019-09-08 14:08:00,582  INFO [main] LogReports:23 - Chrome browser started...
2019-09-08 14:09:41,050  INFO [main] LogReports:23 - Chrome browser started...
2019-09-08 14:10:04,684  INFO [main] LogReports:23 - Application is open...
2019-09-09 10:44:03,748  INFO [main] LogReports:23 - Chrome browser started...
2019-09-09 10:44:15,614  INFO [main] LogReports:23 - Application is open...
2019-09-09 12:33:09,071  INFO [main] LogReports:23 - Chrome browser started...
2019-09-09 12:33:19,830  INFO [main] LogReports:23 - Application is open...
2019-09-09 16:43:53,350  INFO [main] LogReports:23 - Chrome browser started...
2019-09-09 16:44:00,333  INFO [main] LogReports:23 - Application is open...
2019-09-09 16:44:43,260  INFO [main] LogReports:23 - Chrome browser started...
2019-09-09 16:44:49,250  INFO [main] LogReports:23 - Application is open...
2019-09-09 16:49:18,959  INFO [main] LogReports:23 - Chrome browser started...
2019-09-09 16:49:25,524  INFO [main] LogReports:23 - Application is open...
2019-09-09 18:07:13,449  INFO [main] LogReports:23 - Chrome browser started...
2019-09-09 18:07:19,795  INFO [main] LogReports:23 - Application is open...
2019-09-09 18:11:32,769  INFO [main] LogReports:23 - Chrome browser started...
2019-09-09 18:11:38,882  INFO [main] LogReports:23 - Application is open...
2019-09-09 18:12:48,872  INFO [main] LogReports:23 - Chrome browser started...
2019-09-09 18:12:54,984  INFO [main] LogReports:23 - Application is open...
2019-09-09 18:17:35,976  INFO [main] LogReports:23 - Chrome browser started...
2019-09-09 18:17:48,649  INFO [main] LogReports:23 - Application is open...
2019-09-09 18:37:40,036  INFO [main] LogReports:23 - Chrome browser started...
2019-09-09 18:37:45,983  INFO [main] LogReports:23 - Application is open...
2019-09-09 18:41:22,051  INFO [main] LogReports:23 - Chrome browser started...
2019-09-09 18:41:28,242  INFO [main] LogReports:23 - Application is open...
2019-09-09 18:42:45,161  INFO [main] LogReports:23 - Chrome browser started...
2019-09-09 18:42:51,201  INFO [main] LogReports:23 - Application is open...
2019-09-09 18:44:04,928  INFO [main] LogReports:23 - Chrome browser started...
2019-09-09 18:44:11,040  INFO [main] LogReports:23 - Application is open...
2019-09-09 18:44:46,083  INFO [main] LogReports:23 - Chrome browser started...
2019-09-09 18:44:52,099  INFO [main] LogReports:23 - Application is open...
2019-09-09 18:45:26,192  INFO [main] LogReports:23 - Chrome browser started...
2019-09-09 18:45:33,444  INFO [main] LogReports:23 - Application is open...
2019-09-09 18:52:24,730  INFO [main] LogReports:23 - Chrome browser started...
2019-09-09 18:52:31,045  INFO [main] LogReports:23 - Application is open...
2019-09-09 18:53:11,040  INFO [main] LogReports:23 - Chrome browser started...
2019-09-09 18:53:17,228  INFO [main] LogReports:23 - Application is open...
2019-09-09 18:54:12,159  INFO [main] LogReports:23 - Chrome browser started...
2019-09-09 18:54:17,997  INFO [main] LogReports:23 - Application is open...
2019-09-09 18:54:48,189  INFO [main] LogReports:23 - Chrome browser started...
2019-09-09 18:54:54,146  INFO [main] LogReports:23 - Application is open...
2019-09-09 19:08:15,530  INFO [main] LogReports:23 - Chrome browser started...
2019-09-09 19:08:21,615  INFO [main] LogReports:23 - Application is open...
2019-09-09 19:09:04,698  INFO [main] LogReports:23 - Chrome browser started...
2019-09-09 19:09:10,743  INFO [main] LogReports:23 - Application is open...
2019-09-09 19:39:32,486  INFO [main] LogReports:23 - Chrome browser started...
2019-09-09 19:39:40,754  INFO [main] LogReports:23 - Application is open...
2019-09-09 19:42:47,583  INFO [main] LogReports:23 - Chrome browser started...
2019-09-09 19:42:53,814  INFO [main] LogReports:23 - Application is open...
2019-09-10 14:57:16,698  INFO [main] LogReports:23 - Chrome browser started...
2019-09-10 14:57:24,221  INFO [main] LogReports:23 - Application is open...
2019-09-10 15:00:29,576  INFO [main] LogReports:23 - Chrome browser started...
2019-09-10 15:00:40,322  INFO [main] LogReports:23 - Application is open...
2019-09-10 15:12:28,516  INFO [main] LogReports:23 - Chrome browser started...
2019-09-10 15:12:38,351  INFO [main] LogReports:23 - Application is open...
2019-09-10 15:45:59,458  INFO [main] LogReports:23 - Chrome browser started...
2019-09-10 15:46:09,102  INFO [main] LogReports:23 - Application is open...
2019-09-10 15:50:54,847  INFO [main] LogReports:23 - Chrome browser started...
2019-09-10 15:51:04,682  INFO [main] LogReports:23 - Application is open...
2019-09-10 15:51:36,672  INFO [main] LogReports:23 - Chrome browser started...
2019-09-10 15:51:46,507  INFO [main] LogReports:23 - Application is open...
2019-09-10 15:53:24,951  INFO [main] LogReports:23 - Chrome browser started...
2019-09-10 15:53:34,402  INFO [main] LogReports:23 - Application is open...
2019-09-10 15:55:15,273  INFO [main] LogReports:23 - Chrome browser started...
2019-09-10 15:55:24,816  INFO [main] LogReports:23 - Application is open...
2019-09-10 15:56:53,434  INFO [main] LogReports:23 - Chrome browser started...
2019-09-10 15:57:03,303  INFO [main] LogReports:23 - Application is open...
2019-09-10 16:02:12,071  INFO [main] LogReports:23 - Chrome browser started...
2019-09-10 16:02:22,314  INFO [main] LogReports:23 - Application is open...
2019-09-10 16:04:03,794  INFO [main] LogReports:23 - Chrome browser started...
2019-09-10 16:04:13,815  INFO [main] LogReports:23 - Application is open...
2019-09-10 17:32:47,039  INFO [main] LogReports:23 - Chrome browser started...
2019-09-10 17:33:03,138  INFO [main] LogReports:23 - Application is open...
2019-09-10 17:33:38,199  INFO [main] LogReports:23 - Chrome browser started...
2019-09-10 17:33:48,051  INFO [main] LogReports:23 - Application is open...
2019-09-10 17:44:28,541  INFO [main] LogReports:23 - Chrome browser started...
2019-09-10 17:44:37,849  INFO [main] LogReports:23 - Application is open...
2019-09-10 18:04:10,312  INFO [main] LogReports:23 - Chrome browser started...
2019-09-10 18:04:20,672  INFO [main] LogReports:23 - Application is open...
2019-09-10 18:04:58,039  INFO [main] LogReports:23 - Chrome browser started...
2019-09-10 18:05:08,231  INFO [main] LogReports:23 - Application is open...
2019-09-10 18:05:42,411  INFO [main] LogReports:23 - Chrome browser started...
2019-09-10 18:05:52,043  INFO [main] LogReports:23 - Application is open...
2019-09-10 18:06:12,106  INFO [main] LogReports:23 - Chrome browser started...
2019-09-10 18:06:21,672  INFO [main] LogReports:23 - Application is open...
2019-09-10 18:08:13,499  INFO [main] LogReports:23 - Chrome browser started...
2019-09-10 18:08:23,479  INFO [main] LogReports:23 - Application is open...
2019-09-10 18:08:57,949  INFO [main] LogReports:23 - Chrome browser started...
2019-09-10 18:09:07,628  INFO [main] LogReports:23 - Application is open...
2019-09-10 18:12:09,021  INFO [main] LogReports:23 - Chrome browser started...
2019-09-10 18:12:18,706  INFO [main] LogReports:23 - Application is open...
2019-09-10 18:12:42,130  INFO [main] LogReports:23 - Chrome browser started...
2019-09-10 18:12:51,239  INFO [main] LogReports:23 - Application is open...
2019-09-10 18:19:05,038  INFO [main] LogReports:23 - Chrome browser started...
2019-09-10 18:19:14,682  INFO [main] LogReports:23 - Application is open...
2019-09-10 18:21:03,981  INFO [main] LogReports:23 - Chrome browser started...
2019-09-10 18:21:14,204  INFO [main] LogReports:23 - Application is open...
2019-09-10 18:21:38,210  INFO [main] LogReports:23 - Chrome browser started...
2019-09-10 18:21:47,935  INFO [main] LogReports:23 - Application is open...
2019-09-10 18:25:03,369  INFO [main] LogReports:23 - Chrome browser started...
2019-09-10 18:25:15,782  INFO [main] LogReports:23 - Application is open...
2019-09-10 18:26:55,433  INFO [main] LogReports:23 - Chrome browser started...
2019-09-10 18:27:06,454  INFO [main] LogReports:23 - Application is open...
2019-09-10 18:32:14,690  INFO [main] LogReports:23 - Chrome browser started...
2019-09-10 18:32:25,746  INFO [main] LogReports:23 - Application is open...
2019-09-10 18:33:25,782  INFO [main] LogReports:23 - Chrome browser started...
2019-09-10 18:33:35,484  INFO [main] LogReports:23 - Application is open...
2019-09-10 18:34:35,386  INFO [main] LogReports:23 - Chrome browser started...
2019-09-10 18:34:45,113  INFO [main] LogReports:23 - Application is open...
2019-09-10 18:35:15,161  INFO [main] LogReports:23 - Chrome browser started...
2019-09-10 18:36:38,163  INFO [main] LogReports:23 - Chrome browser started...
2019-09-10 18:36:48,002  INFO [main] LogReports:23 - Application is open...
2019-09-10 18:37:20,785  INFO [main] LogReports:23 - Chrome browser started...
2019-09-10 18:37:30,312  INFO [main] LogReports:23 - Application is open...
2019-09-10 18:38:09,428  INFO [main] LogReports:23 - Chrome browser started...
2019-09-10 18:38:19,288  INFO [main] LogReports:23 - Application is open...
2019-09-10 18:39:08,730  INFO [main] LogReports:23 - Chrome browser started...
2019-09-10 18:39:18,400  INFO [main] LogReports:23 - Application is open...
2019-09-10 18:39:52,489  INFO [main] LogReports:23 - Chrome browser started...
2019-09-10 18:40:01,808  INFO [main] LogReports:23 - Application is open...
2019-09-10 18:41:20,398  INFO [main] LogReports:23 - Chrome browser started...
2019-09-10 18:41:29,593  INFO [main] LogReports:23 - Application is open...
2019-09-10 18:44:32,747  INFO [main] LogReports:23 - Chrome browser started...
2019-09-10 18:44:42,006  INFO [main] LogReports:23 - Application is open...
2019-09-10 18:46:34,124  INFO [main] LogReports:23 - Chrome browser started...
2019-09-10 18:46:46,501  INFO [main] LogReports:23 - Application is open...
2019-09-10 18:47:38,788  INFO [main] LogReports:23 - Chrome browser started...
2019-09-10 18:47:52,411  INFO [main] LogReports:23 - Application is open...
2019-09-10 18:48:51,907  INFO [main] LogReports:23 - Chrome browser started...
2019-09-10 18:49:01,424  INFO [main] LogReports:23 - Application is open...
2019-09-10 18:57:14,105  INFO [main] LogReports:23 - Chrome browser started...
2019-09-10 18:57:24,853  INFO [main] LogReports:23 - Application is open...
2019-09-10 18:57:47,627  INFO [main] LogReports:23 - Chrome browser started...
2019-09-10 18:57:57,085  INFO [main] LogReports:23 - Application is open...
2019-09-10 18:59:50,005  INFO [main] LogReports:23 - Chrome browser started...
2019-09-10 19:00:21,449  INFO [main] LogReports:23 - Application is open...
2019-09-10 19:01:03,989  INFO [main] LogReports:23 - Chrome browser started...
2019-09-10 19:01:13,739  INFO [main] LogReports:23 - Application is open...
2019-09-10 19:02:06,211  INFO [main] LogReports:23 - Chrome browser started...
2019-09-10 19:02:15,869  INFO [main] LogReports:23 - Application is open...
2019-09-10 19:03:02,185  INFO [main] LogReports:23 - Chrome browser started...
2019-09-10 19:03:12,153  INFO [main] LogReports:23 - Application is open...
2019-09-10 19:11:14,668  INFO [main] LogReports:23 - Chrome browser started...
2019-09-10 19:11:24,315  INFO [main] LogReports:23 - Application is open...
2019-09-10 19:17:33,063  INFO [main] LogReports:23 - Chrome browser started...
2019-09-10 19:17:42,815  INFO [main] LogReports:23 - Application is open...
2019-09-10 19:20:41,394  INFO [main] LogReports:23 - Chrome browser started...
2019-09-10 19:20:50,482  INFO [main] LogReports:23 - Application is open...
2019-09-10 19:29:56,587  INFO [main] LogReports:23 - Chrome browser started...
2019-09-10 19:30:07,355  INFO [main] LogReports:23 - Application is open...
2019-09-10 19:46:06,925  INFO [main] LogReports:23 - Chrome browser started...
2019-09-10 19:46:20,789  INFO [main] LogReports:23 - Application is open...
2019-09-10 19:48:39,744  INFO [main] LogReports:23 - Chrome browser started...
2019-09-10 19:48:50,798  INFO [main] LogReports:23 - Application is open...
2019-09-10 19:54:43,489  INFO [main] LogReports:23 - Chrome browser started...
2019-09-10 19:54:55,026  INFO [main] LogReports:23 - Application is open...
2019-09-10 20:03:26,176  INFO [main] LogReports:23 - Chrome browser started...
2019-09-10 20:03:35,646  INFO [main] LogReports:23 - Application is open...
2019-09-10 20:08:55,338  INFO [main] LogReports:23 - Chrome browser started...
2019-09-10 20:09:05,512  INFO [main] LogReports:23 - Application is open...
2019-09-10 20:21:05,082  INFO [main] LogReports:23 - Chrome browser started...
2019-09-10 20:21:15,872  INFO [main] LogReports:23 - Application is open...
2019-09-10 20:21:42,639  INFO [main] LogReports:23 - Chrome browser started...
2019-09-10 20:21:52,533  INFO [main] LogReports:23 - Application is open...
2019-09-11 10:13:40,258  INFO [main] LogReports:23 - Chrome browser started...
2019-09-11 10:13:45,150  INFO [main] LogReports:23 - Application is open...
2019-09-11 10:15:03,925  INFO [main] LogReports:23 - Chrome browser started...
2019-09-11 10:15:17,546  INFO [main] LogReports:23 - Application is open...
2019-09-11 10:26:04,533  INFO [main] LogReports:23 - Chrome browser started...
2019-09-11 10:26:20,434  INFO [main] LogReports:23 - Application is open...
2019-09-11 10:33:13,885  INFO [main] LogReports:23 - Chrome browser started...
2019-09-11 10:33:24,227  INFO [main] LogReports:23 - Application is open...
2019-09-11 10:35:19,578  INFO [main] LogReports:23 - Chrome browser started...
2019-09-11 10:35:28,768  INFO [main] LogReports:23 - Application is open...
2019-09-11 10:43:44,006  INFO [main] LogReports:23 - Chrome browser started...
2019-09-11 10:43:53,619  INFO [main] LogReports:23 - Application is open...
2019-09-11 11:03:01,769  INFO [main] LogReports:23 - Chrome browser started...
2019-09-11 11:03:13,686  INFO [main] LogReports:23 - Application is open...
2019-09-11 11:08:46,596  INFO [main] LogReports:23 - Chrome browser started...
2019-09-11 11:08:57,021  INFO [main] LogReports:23 - Application is open...
2019-09-11 11:09:55,626  INFO [main] LogReports:23 - Chrome browser started...
2019-09-11 11:10:05,319  INFO [main] LogReports:23 - Application is open...
2019-09-11 12:00:46,947  INFO [main] LogReports:23 - Chrome browser started...
2019-09-11 12:00:56,568  INFO [main] LogReports:23 - Application is open...
2019-09-11 12:14:45,291  INFO [main] LogReports:23 - Chrome browser started...
2019-09-11 12:14:55,970  INFO [main] LogReports:23 - Application is open...
2019-09-11 12:15:55,091  INFO [main] LogReports:23 - Chrome browser started...
2019-09-11 12:16:05,064  INFO [main] LogReports:23 - Application is open...
2019-09-11 12:20:43,441  INFO [main] LogReports:23 - Chrome browser started...
2019-09-11 12:20:54,750  INFO [main] LogReports:23 - Application is open...
2019-09-11 12:50:00,688  INFO [main] LogReports:23 - Chrome browser started...
2019-09-11 12:50:10,185  INFO [main] LogReports:23 - Application is open...
2019-09-11 13:08:23,421  INFO [main] LogReports:23 - Chrome browser started...
2019-09-11 13:08:33,584  INFO [main] LogReports:23 - Application is open...
2019-09-11 14:29:40,102  INFO [main] LogReports:23 - Chrome browser started...
2019-09-11 14:29:55,114  INFO [main] LogReports:23 - Application is open...
2019-09-11 14:58:23,365  INFO [main] LogReports:23 - Chrome browser started...
2019-09-11 14:58:35,304  INFO [main] LogReports:23 - Application is open...
2019-09-11 14:59:35,883  INFO [main] LogReports:23 - Chrome browser started...
2019-09-11 14:59:49,324  INFO [main] LogReports:23 - Application is open...
2019-09-11 15:02:53,132  INFO [main] LogReports:23 - Chrome browser started...
2019-09-11 15:03:05,137  INFO [main] LogReports:23 - Application is open...
2019-09-11 15:04:06,841  INFO [main] LogReports:23 - Chrome browser started...
2019-09-11 15:04:16,730  INFO [main] LogReports:23 - Application is open...
2019-09-11 15:35:21,911  INFO [main] LogReports:23 - Chrome browser started...
2019-09-11 15:35:34,211  INFO [main] LogReports:23 - Application is open...
2019-09-11 15:54:55,172  INFO [main] LogReports:23 - Chrome browser started...
2019-09-11 15:55:06,563  INFO [main] LogReports:23 - Application is open...
2019-09-11 15:56:16,710  INFO [main] LogReports:23 - Chrome browser started...
2019-09-11 15:56:29,989  INFO [main] LogReports:23 - Application is open...
2019-09-11 15:57:34,987  INFO [main] LogReports:23 - Chrome browser started...
2019-09-11 15:57:46,182  INFO [main] LogReports:23 - Application is open...
2019-09-11 17:40:27,258  INFO [main] LogReports:23 - Chrome browser started...
2019-09-11 17:40:39,768  INFO [main] LogReports:23 - Application is open...
2019-09-11 18:06:39,117  INFO [main] LogReports:23 - Chrome browser started...
2019-09-11 18:06:49,935  INFO [main] LogReports:23 - Application is open...
2019-09-11 18:08:13,753  INFO [main] LogReports:23 - Chrome browser started...
2019-09-11 18:08:25,484  INFO [main] LogReports:23 - Application is open...
2019-09-11 18:09:38,446  INFO [main] LogReports:23 - Chrome browser started...
2019-09-11 18:09:49,327  INFO [main] LogReports:23 - Application is open...
2019-09-11 18:13:57,192  INFO [main] LogReports:23 - Chrome browser started...
2019-09-11 18:14:07,929  INFO [main] LogReports:23 - Application is open...
2019-09-11 18:16:39,312  INFO [main] LogReports:23 - Chrome browser started...
2019-09-11 18:16:49,880  INFO [main] LogReports:23 - Application is open...
2019-09-11 19:54:54,901  INFO [main] LogReports:23 - Chrome browser started...
2019-09-11 19:55:07,668  INFO [main] LogReports:23 - Application is open...
2019-09-11 19:56:38,719  INFO [main] LogReports:23 - Chrome browser started...
2019-09-11 19:56:49,359  INFO [main] LogReports:23 - Application is open...
2019-09-12 10:16:46,611  INFO [main] LogReports:23 - Chrome browser started...
2019-09-12 10:17:06,506  INFO [main] LogReports:23 - Application is open...
2019-09-12 14:08:34,518  INFO [main] LogReports:23 - Chrome browser started...
2019-09-12 14:08:43,759  INFO [main] LogReports:23 - Application is open...
2019-09-12 21:56:34,772  INFO [main] LogReports:23 - Chrome browser started...
2019-09-12 21:56:50,426  INFO [main] LogReports:23 - Application is open...
2019-09-12 21:58:14,467  INFO [main] LogReports:23 - Chrome browser started...
2019-09-12 21:58:27,926  INFO [main] LogReports:23 - Application is open...
2019-09-12 21:59:38,056  INFO [main] LogReports:23 - Chrome browser started...
2019-09-12 21:59:50,714  INFO [main] LogReports:23 - Application is open...
2019-09-12 22:01:50,057  INFO [main] LogReports:23 - Chrome browser started...
2019-09-12 22:02:02,721  INFO [main] LogReports:23 - Application is open...
2019-09-12 22:18:59,145  INFO [main] LogReports:23 - Chrome browser started...
2019-09-12 22:19:12,057  INFO [main] LogReports:23 - Application is open...
2019-09-12 22:22:45,409  INFO [main] LogReports:23 - Chrome browser started...
2019-09-12 22:25:15,715  INFO [main] LogReports:23 - Chrome browser started...
2019-09-12 22:25:25,486  INFO [main] LogReports:23 - Application is open...
2019-09-12 22:27:39,311  INFO [main] LogReports:23 - Chrome browser started...
2019-09-12 22:30:00,643  INFO [main] LogReports:23 - Chrome browser started...
2019-09-12 22:30:10,524  INFO [main] LogReports:23 - Application is open...
2019-09-12 22:38:42,773  INFO [main] LogReports:23 - Chrome browser started...
2019-09-12 22:40:56,806  INFO [main] LogReports:23 - Chrome browser started...
2019-09-12 22:41:06,796  INFO [main] LogReports:23 - Application is open...
2019-09-12 23:03:21,660  INFO [main] LogReports:23 - Chrome browser started...
2019-09-12 23:03:48,034  INFO [main] LogReports:23 - Application is open...
2019-09-12 23:12:07,854  INFO [main] LogReports:23 - Chrome browser started...
2019-09-12 23:12:38,494  INFO [main] LogReports:23 - Application is open...
2019-09-13 10:50:08,887  INFO [main] LogReports:23 - Chrome browser started...
2019-09-13 10:50:21,343  INFO [main] LogReports:23 - Application is open...
2019-09-13 11:20:44,439  INFO [main] LogReports:23 - Chrome browser started...
2019-09-13 11:20:56,336  INFO [main] LogReports:23 - Application is open...
2019-09-13 11:32:29,627  INFO [main] LogReports:23 - Chrome browser started...
2019-09-13 11:32:39,984  INFO [main] LogReports:23 - Application is open...
2019-09-13 11:32:47,512  INFO [main] LogReports:23 - sorted the price successfully..
2019-09-13 11:32:53,789  INFO [main] LogReports:23 - selected the required holidaypackage... 
2019-09-13 13:03:01,152  INFO [main] LogReports:23 - Chrome browser started...
2019-09-13 13:03:13,115  INFO [main] LogReports:23 - Application is open...
2019-09-13 13:03:20,960  INFO [main] LogReports:23 - sorted the price successfully..
2019-09-13 13:03:27,263  INFO [main] LogReports:23 - selected the required holidaypackage... 
2019-09-13 13:04:36,882  INFO [main] LogReports:23 - Chrome browser started...
2019-09-13 13:04:46,465  INFO [main] LogReports:23 - Application is open...
2019-09-13 13:04:54,037  INFO [main] LogReports:23 - sorted the price successfully..
2019-09-13 13:04:59,821  INFO [main] LogReports:23 - selected the required holidaypackage... 
2019-09-13 13:05:51,205  INFO [main] LogReports:23 - Chrome browser started...
2019-09-13 13:06:01,309  INFO [main] LogReports:23 - Application is open...
2019-09-13 13:06:08,537  INFO [main] LogReports:23 - sorted the price successfully..
2019-09-13 13:06:14,041  INFO [main] LogReports:23 - selected the required holidaypackage... 
2019-09-13 13:11:17,670  INFO [main] LogReports:23 - Chrome browser started...
2019-09-13 13:11:27,809  INFO [main] LogReports:23 - Application is open...
2019-09-13 13:11:55,992  INFO [main] LogReports:23 - sorted the price successfully..
2019-09-13 13:12:02,917  INFO [main] LogReports:23 - selected the required holidaypackage... 
2019-09-13 13:16:53,499  INFO [main] LogReports:23 - Chrome browser started...
2019-09-13 13:17:05,120  INFO [main] LogReports:23 - Application is open...
2019-09-13 13:17:13,518  INFO [main] LogReports:23 - sorted the price successfully..
2019-09-13 13:17:21,594  INFO [main] LogReports:23 - selected the required holidaypackage... 
2019-09-13 14:33:33,334  INFO [main] LogReports:23 - Chrome browser started...
2019-09-13 14:33:42,179  INFO [main] LogReports:23 - Application is open...
2019-09-13 14:33:53,808  INFO [main] LogReports:23 - sorted the price successfully..
2019-09-13 14:34:00,688  INFO [main] LogReports:23 - selected the required holidaypackage... 
2019-09-13 14:44:36,529  INFO [main] LogReports:23 - Chrome browser started...
2019-09-13 14:44:46,652  INFO [main] LogReports:23 - Application is open...
2019-09-13 14:44:55,701  INFO [main] LogReports:23 - sorted the price successfully..
2019-09-13 14:45:24,096  INFO [main] LogReports:23 - selected the required holidaypackage... 
2019-09-13 14:45:55,114  INFO [main] LogReports:23 - Chrome browser started...
2019-09-13 14:46:06,037  INFO [main] LogReports:23 - Application is open...
2019-09-13 14:46:14,239  INFO [main] LogReports:23 - sorted the price successfully..
2019-09-13 14:46:55,030  INFO [main] LogReports:23 - selected the required holidaypackage... 
2019-09-13 15:13:30,073  INFO [main] LogReports:23 - Chrome browser started...
2019-09-13 15:13:40,775  INFO [main] LogReports:23 - Application is open...
2019-09-13 15:13:48,303  INFO [main] LogReports:23 - sorted the price successfully..
2019-09-13 15:14:02,912  INFO [main] LogReports:23 - selected the required holidaypackage... 
2019-09-13 15:19:21,185  INFO [main] LogReports:23 - Chrome browser started...
2019-09-13 15:19:32,128  INFO [main] LogReports:23 - Application is open...
2019-09-13 15:19:39,462  INFO [main] LogReports:23 - sorted the price successfully..
2019-09-13 15:19:46,476  INFO [main] LogReports:23 - selected the required holidaypackage... 
2019-09-13 15:23:32,692  INFO [main] LogReports:23 - Chrome browser started...
2019-09-13 15:23:53,779  INFO [main] LogReports:23 - Application is open...
2019-09-13 15:24:01,575  INFO [main] LogReports:23 - sorted the price successfully..
2019-09-13 15:24:06,963  INFO [main] LogReports:23 - selected the required holidaypackage... 
2019-09-13 15:28:18,432  INFO [main] LogReports:23 - Chrome browser started...
2019-09-13 15:28:27,849  INFO [main] LogReports:23 - Application is open...
2019-09-13 15:28:35,008  INFO [main] LogReports:23 - sorted the price successfully..
2019-09-13 15:28:41,223  INFO [main] LogReports:23 - selected the required holidaypackage... 
2019-09-13 15:32:37,019  INFO [main] LogReports:23 - Chrome browser started...
2019-09-13 15:32:47,680  INFO [main] LogReports:23 - Application is open...
2019-09-13 15:32:55,747  INFO [main] LogReports:23 - sorted the price successfully..
2019-09-13 15:33:02,625  INFO [main] LogReports:23 - selected the required holidaypackage... 
2019-09-13 15:33:08,824  INFO [main] LogReports:23 - Validation Failed
2019-09-13 15:33:08,874  INFO [main] LogReports:23 - Validation Passed
2019-09-13 15:33:08,921  INFO [main] LogReports:23 - Validation Passed
2019-09-13 15:33:08,999  INFO [main] LogReports:23 - Validation Passed
2019-09-13 15:33:09,067  INFO [main] LogReports:23 - Validation Failed
2019-09-13 15:49:16,491  INFO [main] LogReports:23 - Chrome browser started...
2019-09-13 15:49:27,167  INFO [main] LogReports:23 - Application is open...
2019-09-13 15:49:34,683  INFO [main] LogReports:23 - sorted the price successfully..
2019-09-13 15:49:40,700  INFO [main] LogReports:23 - selected the required holidaypackage... 
2019-09-13 15:49:46,765  INFO [main] LogReports:23 - Validation Failed
2019-09-13 15:49:46,872  INFO [main] LogReports:23 - Validation Passed
2019-09-13 15:49:46,950  INFO [main] LogReports:23 - Validation Passed
2019-09-13 15:49:47,032  INFO [main] LogReports:23 - Validation Passed
2019-09-13 15:49:47,110  INFO [main] LogReports:23 - Validation Failed
2019-09-13 16:00:54,347  INFO [main] LogReports:23 - Chrome browser started...
2019-09-13 16:01:10,474  INFO [main] LogReports:23 - Application is open...
2019-09-13 16:01:17,780  INFO [main] LogReports:23 - sorted the price successfully..
2019-09-13 16:01:24,551  INFO [main] LogReports:23 - selected the required holidaypackage... 
2019-09-13 16:01:30,631  INFO [main] LogReports:23 - Validation Passed
2019-09-13 16:01:30,676  INFO [main] LogReports:23 - Validation Passed
2019-09-13 16:01:30,723  INFO [main] LogReports:23 - Validation Passed
2019-09-13 16:01:30,770  INFO [main] LogReports:23 - Validation Passed
2019-09-13 16:01:30,817  INFO [main] LogReports:23 - Validation Failed
2019-09-13 16:39:58,617  INFO [main] LogReports:23 - Chrome browser started...
2019-09-13 16:40:08,946  INFO [main] LogReports:23 - Application is open...
2019-09-13 16:40:16,631  INFO [main] LogReports:23 - sorted the price successfully..
2019-09-13 16:40:23,088  INFO [main] LogReports:23 - selected the required holidaypackage... 
2019-09-13 16:41:19,529  INFO [main] LogReports:23 - Chrome browser started...
2019-09-13 16:41:25,557  INFO [main] LogReports:23 - Application is open...
2019-09-13 16:41:43,577  INFO [main] LogReports:23 - Chrome browser started...
2019-09-13 16:57:51,297  INFO [main] LogReports:23 - Chrome browser started...
2019-09-13 16:58:01,022  INFO [main] LogReports:23 - Application is open...
2019-09-13 16:58:08,563  INFO [main] LogReports:23 - sorted the price successfully..
2019-09-13 16:58:15,876  INFO [main] LogReports:23 - selected the required holidaypackage... 
2019-09-13 16:58:15,936  INFO [main] LogReports:23 - Validation Passed
2019-09-13 16:58:15,998  INFO [main] LogReports:23 - Validation Passed
2019-09-13 16:58:16,045  INFO [main] LogReports:23 - Validation Passed
2019-09-13 16:58:16,093  INFO [main] LogReports:23 - Validation Passed
2019-09-13 16:58:16,143  INFO [main] LogReports:23 - Validation Passed
2019-09-13 17:05:04,451  INFO [main] LogReports:23 - Chrome browser started...
2019-09-13 17:07:06,192  INFO [main] LogReports:23 - Chrome browser started...
2019-09-13 17:07:15,916  INFO [main] LogReports:23 - Application is open...
2019-09-13 17:07:23,440  INFO [main] LogReports:23 - sorted the price successfully..
2019-09-13 17:07:30,323  INFO [main] LogReports:23 - selected the required holidaypackage... 
2019-09-13 17:07:30,408  INFO [main] LogReports:23 - Validation Passed
2019-09-13 17:07:30,408  INFO [main] LogReports:23 - package name validated....
2019-09-13 17:07:30,480  INFO [main] LogReports:23 - Validation Passed
2019-09-13 17:07:30,480  INFO [main] LogReports:23 - Depatured place validated...
2019-09-13 17:07:30,528  INFO [main] LogReports:23 - Validation Passed
2019-09-13 17:07:30,528  INFO [main] LogReports:23 - goto place validated....
2019-09-13 17:07:30,572  INFO [main] LogReports:23 - Validation Passed
2019-09-13 17:07:30,572  INFO [main] LogReports:23 - monthoftravel validated...
2019-09-13 17:07:30,624  INFO [main] LogReports:23 - Validation Passed
2019-09-13 17:07:30,624  INFO [main] LogReports:23 - price validated....
2019-09-13 17:09:24,698  INFO [main] LogReports:23 - Chrome browser started...
2019-09-13 17:09:34,071  INFO [main] LogReports:23 - Application is open...
2019-09-13 17:09:42,649  INFO [main] LogReports:23 - sorted the price successfully..
2019-09-13 17:09:48,188  INFO [main] LogReports:23 - selected the required holidaypackage... 
2019-09-13 17:09:48,271  INFO [main] LogReports:23 - package name validated....
2019-09-13 17:09:48,349  INFO [main] LogReports:23 - Depatured place validated...
2019-09-13 17:09:48,417  INFO [main] LogReports:23 - goto place validated....
2019-09-13 17:09:48,461  INFO [main] LogReports:23 - monthoftravel validated...
2019-09-13 17:09:48,547  INFO [main] LogReports:23 - price validated....
2019-09-13 17:29:47,811  INFO [main] LogReports:23 - Chrome browser started...
2019-09-13 17:31:16,207  INFO [main] LogReports:23 - Application is open...
2019-09-13 17:31:47,295  INFO [main] LogReports:23 - Chrome browser started...
2019-09-13 17:31:56,793  INFO [main] LogReports:23 - Application is open...
2019-09-13 17:32:38,027  INFO [main] LogReports:23 - sorted the price successfully..
2019-09-13 17:32:44,351  INFO [main] LogReports:23 - selected the required holidaypackage... 
2019-09-13 17:32:44,422  INFO [main] LogReports:23 - package name validated....
2019-09-13 17:32:44,461  INFO [main] LogReports:23 - Depatured place validated...
2019-09-13 17:32:44,495  INFO [main] LogReports:23 - goto place validated....
2019-09-13 17:32:44,532  INFO [main] LogReports:23 - monthoftravel validated...
2019-09-13 17:32:44,574  INFO [main] LogReports:23 - price validated....
2019-09-13 17:32:44,611  INFO [main] LogReports:23 - day1plan validated...
2019-09-13 17:35:02,562  INFO [main] LogReports:23 - Chrome browser started...
2019-09-13 17:35:12,615  INFO [main] LogReports:23 - Application is open...
2019-09-13 17:35:20,931  INFO [main] LogReports:23 - sorted the price successfully..
2019-09-13 17:35:26,754  INFO [main] LogReports:23 - selected the required holidaypackage... 
2019-09-13 17:35:26,820  INFO [main] LogReports:23 - package name validated....
2019-09-13 17:35:26,867  INFO [main] LogReports:23 - Depatured place validated...
2019-09-13 17:35:26,914  INFO [main] LogReports:23 - goto place validated....
2019-09-13 17:35:26,970  INFO [main] LogReports:23 - monthoftravel validated...
2019-09-13 17:35:27,001  INFO [main] LogReports:23 - price validated....
2019-09-13 17:35:27,048  INFO [main] LogReports:23 - day1plan validated...
2019-09-13 17:36:39,793  INFO [main] LogReports:23 - Chrome browser started...
2019-09-13 17:38:32,092  INFO [main] LogReports:23 - Application is open...
2019-09-13 17:38:39,123  INFO [main] LogReports:23 - sorted the price successfully..
2019-09-13 17:38:45,412  INFO [main] LogReports:23 - selected the required holidaypackage... 
2019-09-13 17:38:45,468  INFO [main] LogReports:23 - package name validated....
2019-09-13 17:38:45,512  INFO [main] LogReports:23 - Depatured place validated...
2019-09-13 17:38:45,559  INFO [main] LogReports:23 - goto place validated....
2019-09-13 17:38:45,614  INFO [main] LogReports:23 - monthoftravel validated...
2019-09-13 17:38:45,642  INFO [main] LogReports:23 - price validated....
2019-09-13 17:38:45,689  INFO [main] LogReports:23 - day1plan validated...
2019-09-13 17:40:48,866  INFO [main] LogReports:23 - Chrome browser started...
2019-09-13 17:40:58,049  INFO [main] LogReports:23 - Application is open...
2019-09-13 17:41:05,361  INFO [main] LogReports:23 - sorted the price successfully..
2019-09-13 17:41:11,167  INFO [main] LogReports:23 - selected the required holidaypackage... 
2019-09-13 17:41:11,223  INFO [main] LogReports:23 - package name validated....
2019-09-13 17:41:11,270  INFO [main] LogReports:23 - Depatured place validated...
2019-09-13 17:41:11,317  INFO [main] LogReports:23 - goto place validated....
2019-09-13 17:41:11,368  INFO [main] LogReports:23 - monthoftravel validated...
2019-09-13 17:41:11,407  INFO [main] LogReports:23 - price validated....
2019-09-13 17:41:11,441  INFO [main] LogReports:23 - day1plan validated...
2019-09-13 18:24:43,142  INFO [main] LogReports:23 - Chrome browser started...
2019-09-13 18:24:53,238  INFO [main] LogReports:23 - Application is open...
2019-09-13 18:25:01,375  INFO [main] LogReports:23 - sorted the price successfully..
2019-09-13 18:25:07,584  INFO [main] LogReports:23 - selected the required holidaypackage... 
2019-09-13 18:25:07,643  INFO [main] LogReports:23 - package name validated....
2019-09-13 18:25:07,680  INFO [main] LogReports:23 - Depatured place validated...
2019-09-13 18:25:07,716  INFO [main] LogReports:23 - goto place validated....
2019-09-13 18:25:07,752  INFO [main] LogReports:23 - monthoftravel validated...
2019-09-13 18:25:07,797  INFO [main] LogReports:23 - price validated....
2019-09-13 18:25:07,832  INFO [main] LogReports:23 - day1plan validated...
2019-09-13 19:16:30,126  INFO [main] LogReports:23 - Chrome browser started...
2019-09-13 19:16:41,385  INFO [main] LogReports:23 - Application is open...
2019-09-13 19:19:43,779  INFO [main] LogReports:23 - Chrome browser started...
2019-09-13 19:19:53,599  INFO [main] LogReports:23 - Application is open...
2019-09-13 19:20:02,417  INFO [main] LogReports:23 - sorted the price successfully..
2019-09-13 19:20:13,139  INFO [main] LogReports:23 - selected the required holidaypackage... 
2019-09-13 19:20:13,302  INFO [main] LogReports:23 - package name validated....
2019-09-13 19:20:13,390  INFO [main] LogReports:23 - Depatured place validated...
2019-09-13 19:20:13,450  INFO [main] LogReports:23 - goto place validated....
2019-09-13 19:20:13,522  INFO [main] LogReports:23 - monthoftravel validated...
2019-09-13 19:20:13,622  INFO [main] LogReports:23 - price validated....
2019-09-13 19:20:13,705  INFO [main] LogReports:23 - day1plan validated...
2019-09-13 19:59:15,529  INFO [main] LogReports:23 - Chrome browser started...
2019-09-13 20:02:35,497  INFO [main] LogReports:23 - Chrome browser started...
2019-09-13 20:03:16,832  INFO [main] LogReports:23 - Chrome browser started...
2019-09-13 20:05:00,192  INFO [main] LogReports:23 - Chrome browser started...
2019-09-13 20:23:11,034  INFO [main] LogReports:23 - Chrome browser started...
2019-09-13 20:23:22,949  INFO [main] LogReports:23 - Application is open...
2019-09-13 20:23:31,577  INFO [main] LogReports:23 - sorted the price successfully..
2019-09-13 20:23:40,512  INFO [main] LogReports:23 - selected the required holidaypackage... 
2019-09-13 20:23:40,605  INFO [main] LogReports:23 - package name validated....
2019-09-13 20:23:40,652  INFO [main] LogReports:23 - Depatured place validated...
2019-09-13 20:23:40,693  INFO [main] LogReports:23 - goto place validated....
2019-09-13 20:23:40,734  INFO [main] LogReports:23 - monthoftravel validated...
2019-09-13 20:23:40,778  INFO [main] LogReports:23 - price validated....
2019-09-13 20:23:40,838  INFO [main] LogReports:23 - day1plan validated...
2019-09-13 20:23:40,891  INFO [main] LogReports:23 - day2plan validated...
2019-09-13 20:23:40,945  INFO [main] LogReports:23 - day3plan validated...
2019-09-13 20:23:40,995  INFO [main] LogReports:23 - day4plan validated...
2019-09-13 20:23:41,044  INFO [main] LogReports:23 - day5plan validated...
2019-09-13 20:30:39,081  INFO [main] LogReports:23 - Chrome browser started...
2019-09-13 20:30:48,226  INFO [main] LogReports:23 - Application is open...
2019-09-13 20:30:55,563  INFO [main] LogReports:23 - sorted the price successfully..
2019-09-13 20:31:02,790  INFO [main] LogReports:23 - selected the required holidaypackage... 
2019-09-13 20:31:02,852  INFO [main] LogReports:23 - package name validated....
2019-09-13 20:31:02,908  INFO [main] LogReports:23 - Depatured place validated...
2019-09-13 20:31:02,964  INFO [main] LogReports:23 - goto place validated....
2019-09-13 20:31:03,005  INFO [main] LogReports:23 - monthoftravel validated...
2019-09-13 20:31:03,048  INFO [main] LogReports:23 - price validated....
2019-09-13 20:31:03,093  INFO [main] LogReports:23 - day1plan validated...
2019-09-13 20:31:03,150  INFO [main] LogReports:23 - day2plan validated...
2019-09-13 20:31:03,197  INFO [main] LogReports:23 - day3plan validated...
2019-09-13 20:31:03,248  INFO [main] LogReports:23 - day4plan validated...
2019-09-13 20:31:03,288  INFO [main] LogReports:23 - day5plan validated...
