#
# There is insufficient memory for the Java Runtime Environment to continue.
# Native memory allocation (malloc) failed to allocate 38304 bytes for Chunk::new
# Possible reasons:
#   The system is out of physical RAM or swap space
#   The process is running with CompressedOops enabled, and the Java Heap may be blocking the growth of the native heap
# Possible solutions:
#   Reduce memory load on the system
#   Increase physical memory or swap space
#   Check if swap backing store is full
#   Decrease Java heap size (-Xmx/-Xms)
#   Decrease number of Java threads
#   Decrease Java thread stack sizes (-Xss)
#   Set larger code cache with -XX:ReservedCodeCacheSize=
#   JVM is running with Unscaled Compressed Oops mode in which the Java heap is
#     placed in the first 4GB address space. The Java Heap base address is the
#     maximum limit for the native heap growth. Please use -XX:HeapBaseMinAddress
#     to set the Java Heap base and to place the Java Heap above 4GB virtual address.
# This output file may be truncated or incomplete.
#
#  Out of Memory Error (t:/workspace/open/src/hotspot/share/memory/arena.cpp:197), pid=232, tid=43328
#
# JRE version: Java(TM) SE Runtime Environment (12.0.2+10) (build 12.0.2+10)
# Java VM: Java HotSpot(TM) 64-Bit Server VM (12.0.2+10, mixed mode, sharing, tiered, compressed oops, g1 gc, windows-amd64)
# No core dump will be written. Minidumps are not enabled by default on client versions of Windows
#

---------------  S U M M A R Y ------------

Command Line: -ea -Dfile.encoding=Cp1252 org.testng.remote.RemoteTestNG -serport 59387 -protocol json -d C:\Users\Suraj.konangi\eclipse-workspace\yatra-holidaypackage\test-output C:\Users\SURAJ~1.KON\AppData\Local\Temp\testng-eclipse--1033242268\testng-customsuite.xml

Host: Intel(R) Core(TM) i5-3230M CPU @ 2.60GHz, 4 cores, 7G,  Windows 10 , 64 bit Build 18362 (10.0.18362.1)
Time: Fri Sep 13 19:58:07 2019 India Standard Time elapsed time: 18 seconds (0d 0h 0m 18s)

---------------  T H R E A D  ---------------

Current thread (0x0000021dff326000):  JavaThread "C2 CompilerThread0" daemon [_thread_in_native, id=43328, stack(0x000000daaf600000,0x000000daaf700000)]


Current CompileTask:
C2:  18464 1773   !   4       java.net.URL::<init> (543 bytes)

Stack: [0x000000daaf600000,0x000000daaf700000]
Native frames: (J=compiled Java code, j=interpreted, Vv=VM code, C=native code)
V  [jvm.dll+0x63aa2a]
V  [jvm.dll+0x78ce1e]
V  [jvm.dll+0x78e4c1]
V  [jvm.dll+0x78eb13]
V  [jvm.dll+0x2627e8]
V  [jvm.dll+0xc55cc]
V  [jvm.dll+0xc5b4c]
V  [jvm.dll+0xc56b0]
V  [jvm.dll+0x69c24c]
V  [jvm.dll+0x55e5c4]
V  [jvm.dll+0x547718]
V  [jvm.dll+0x544c5d]
V  [jvm.dll+0x546918]
V  [jvm.dll+0x546066]
V  [jvm.dll+0x54582f]
V  [jvm.dll+0x5457f6]
V  [jvm.dll+0x545843]
V  [jvm.dll+0x545843]
V  [jvm.dll+0x55710a]
V  [jvm.dll+0x21dd77]
V  [jvm.dll+0x21b2b6]
V  [jvm.dll+0x199a20]
V  [jvm.dll+0x22a744]
V  [jvm.dll+0x228d98]
V  [jvm.dll+0x7512a0]
V  [jvm.dll+0x74a2c8]
V  [jvm.dll+0x639b16]
C  [ucrtbase.dll+0x1d912]
C  [KERNEL32.DLL+0x17944]
C  [ntdll.dll+0x6ce71]


---------------  P R O C E S S  ---------------

Threads class SMR info:
_java_thread_list=0x0000021d93ba27d0, length=17, elements={
0x0000021df3f0d000, 0x0000021dff302000, 0x0000021dff304000, 0x0000021dff31c800,
0x0000021dff321800, 0x0000021dff326000, 0x0000021dff32e000, 0x0000021dff33a000,
0x0000021d9305f800, 0x0000021d9306a800, 0x0000021d935f0800, 0x0000021d93bad800,
0x0000021d93ca1800, 0x0000021d9393c800, 0x0000021d93ca2800, 0x0000021d93c77000,
0x0000021d93c96000
}

Java Threads: ( => current thread )
  0x0000021df3f0d000 JavaThread "main" [_thread_in_vm, id=37072, stack(0x000000daaeb00000,0x000000daaec00000)]
  0x0000021dff302000 JavaThread "Reference Handler" daemon [_thread_blocked, id=41152, stack(0x000000daaf200000,0x000000daaf300000)]
  0x0000021dff304000 JavaThread "Finalizer" daemon [_thread_blocked, id=48788, stack(0x000000daaf300000,0x000000daaf400000)]
  0x0000021dff31c800 JavaThread "Signal Dispatcher" daemon [_thread_blocked, id=19888, stack(0x000000daaf400000,0x000000daaf500000)]
  0x0000021dff321800 JavaThread "Attach Listener" daemon [_thread_blocked, id=48196, stack(0x000000daaf500000,0x000000daaf600000)]
=>0x0000021dff326000 JavaThread "C2 CompilerThread0" daemon [_thread_in_native, id=43328, stack(0x000000daaf600000,0x000000daaf700000)]
  0x0000021dff32e000 JavaThread "C1 CompilerThread0" daemon [_thread_in_native, id=35636, stack(0x000000daaf700000,0x000000daaf800000)]
  0x0000021dff33a000 JavaThread "Sweeper thread" daemon [_thread_blocked, id=35088, stack(0x000000daaf800000,0x000000daaf900000)]
  0x0000021d9305f800 JavaThread "Service Thread" daemon [_thread_blocked, id=44952, stack(0x000000daaf900000,0x000000daafa00000)]
  0x0000021d9306a800 JavaThread "Common-Cleaner" daemon [_thread_blocked, id=24264, stack(0x000000daafb00000,0x000000daafc00000)]
  0x0000021d935f0800 JavaThread "ReaderThread" [_thread_in_native, id=48156, stack(0x000000daafc00000,0x000000daafd00000)]
  0x0000021d93bad800 JavaThread "Exec Default Executor" daemon [_thread_in_native, id=45148, stack(0x000000dab0100000,0x000000dab0200000)]
  0x0000021d93ca1800 JavaThread "UrlChecker-2" daemon [_thread_blocked, id=7604, stack(0x000000dab0200000,0x000000dab0300000)]
  0x0000021d9393c800 JavaThread "Exec Stream Pumper" daemon [_thread_in_native, id=40784, stack(0x000000dab0000000,0x000000dab0100000)]
  0x0000021d93ca2800 JavaThread "Exec Stream Pumper" daemon [_thread_in_native, id=34484, stack(0x000000dab0400000,0x000000dab0500000)]
  0x0000021d93c77000 JavaThread "OkHttp ConnectionPool" daemon [_thread_blocked, id=42044, stack(0x000000dab0600000,0x000000dab0700000)]
  0x0000021d93c96000 JavaThread "Okio Watchdog" daemon [_thread_blocked, id=49148, stack(0x000000dab0700000,0x000000dab0800000)]

Other Threads:
  0x0000021dff2fe800 VMThread "VM Thread" [stack: 0x000000daaf100000,0x000000daaf200000] [id=48008]
  0x0000021d93064800 WatcherThread [stack: 0x000000daafa00000,0x000000daafb00000] [id=43836]
  0x0000021df3f4b000 GCTaskThread "GC Thread#0" [stack: 0x000000daaec00000,0x000000daaed00000] [id=45664]
  0x0000021d937fd800 GCTaskThread "GC Thread#1" [stack: 0x000000daafd00000,0x000000daafe00000] [id=46352]
  0x0000021d937ee000 GCTaskThread "GC Thread#2" [stack: 0x000000daafe00000,0x000000daaff00000] [id=41684]
  0x0000021d93397000 GCTaskThread "GC Thread#3" [stack: 0x000000daaff00000,0x000000dab0000000] [id=37908]
  0x0000021df3f58800 ConcurrentGCThread "G1 Main Marker" [stack: 0x000000daaed00000,0x000000daaee00000] [id=45224]
  0x0000021df3f5d800 ConcurrentGCThread "G1 Conc#0" [stack: 0x000000daaee00000,0x000000daaef00000] [id=38028]
  0x0000021dff180800 ConcurrentGCThread "G1 Refine#0" [stack: 0x000000daaef00000,0x000000daaf000000] [id=46916]
  0x0000021dff181800 ConcurrentGCThread "G1 Young RemSet Sampling" [stack: 0x000000daaf000000,0x000000daaf100000] [id=37332]

Threads with active compile tasks:
C2 CompilerThread0  1773   !   4       java.net.URL::<init> (543 bytes)
C1 CompilerThread0  1826       3       java.util.regex.Pattern::escape (1323 bytes)

VM state:not at safepoint (normal execution)

VM Mutex/Monitor currently owned by a thread: None

Heap address: 0x0000000082a00000, size: 2006 MB, Compressed Oops mode: 32-bit
Narrow klass base: 0x0000000800000000, Narrow klass shift: 3
Compressed class space size: 1073741824 Address: 0x0000000801190000

Heap:
 garbage-first heap   total 129024K, used 40415K [0x0000000082a00000, 0x0000000100000000)
  region size 1024K, 38 young (38912K), 2 survivors (2048K)
 Metaspace       used 15649K, capacity 16241K, committed 16512K, reserved 1062912K
  class space    used 1877K, capacity 2103K, committed 2176K, reserved 1048576K
Heap Regions: E=young(eden), S=young(survivor), O=old, HS=humongous(starts), HC=humongous(continues), CS=collection set, F=free, A=archive, TAMS=top-at-mark-start (previous, next)
|   0|0x0000000082a00000, 0x0000000082b00000, 0x0000000082b00000|100%|HS|  |TAMS 0x0000000082a00000, 0x0000000082a00000| Complete 
|   1|0x0000000082b00000, 0x0000000082c00000, 0x0000000082c00000|100%| O|  |TAMS 0x0000000082b00000, 0x0000000082b00000| Untracked 
|   2|0x0000000082c00000, 0x0000000082c77c00, 0x0000000082d00000| 46%| O|  |TAMS 0x0000000082c00000, 0x0000000082c00000| Untracked 
|   3|0x0000000082d00000, 0x0000000082d00000, 0x0000000082e00000|  0%| F|  |TAMS 0x0000000082d00000, 0x0000000082d00000| Untracked 
|   4|0x0000000082e00000, 0x0000000082e00000, 0x0000000082f00000|  0%| F|  |TAMS 0x0000000082e00000, 0x0000000082e00000| Untracked 
|   5|0x0000000082f00000, 0x0000000082f00000, 0x0000000083000000|  0%| F|  |TAMS 0x0000000082f00000, 0x0000000082f00000| Untracked 
|   6|0x0000000083000000, 0x0000000083000000, 0x0000000083100000|  0%| F|  |TAMS 0x0000000083000000, 0x0000000083000000| Untracked 
|   7|0x0000000083100000, 0x0000000083100000, 0x0000000083200000|  0%| F|  |TAMS 0x0000000083100000, 0x0000000083100000| Untracked 
|   8|0x0000000083200000, 0x0000000083200000, 0x0000000083300000|  0%| F|  |TAMS 0x0000000083200000, 0x0000000083200000| Untracked 
|   9|0x0000000083300000, 0x0000000083300000, 0x0000000083400000|  0%| F|  |TAMS 0x0000000083300000, 0x0000000083300000| Untracked 
|  10|0x0000000083400000, 0x0000000083400000, 0x0000000083500000|  0%| F|  |TAMS 0x0000000083400000, 0x0000000083400000| Untracked 
|  11|0x0000000083500000, 0x0000000083500000, 0x0000000083600000|  0%| F|  |TAMS 0x0000000083500000, 0x0000000083500000| Untracked 
|  12|0x0000000083600000, 0x0000000083600000, 0x0000000083700000|  0%| F|  |TAMS 0x0000000083600000, 0x0000000083600000| Untracked 
|  13|0x0000000083700000, 0x0000000083700000, 0x0000000083800000|  0%| F|  |TAMS 0x0000000083700000, 0x0000000083700000| Untracked 
|  14|0x0000000083800000, 0x0000000083800000, 0x0000000083900000|  0%| F|  |TAMS 0x0000000083800000, 0x0000000083800000| Untracked 
|  15|0x0000000083900000, 0x0000000083900000, 0x0000000083a00000|  0%| F|  |TAMS 0x0000000083900000, 0x0000000083900000| Untracked 
|  16|0x0000000083a00000, 0x0000000083a00000, 0x0000000083b00000|  0%| F|  |TAMS 0x0000000083a00000, 0x0000000083a00000| Untracked 
|  17|0x0000000083b00000, 0x0000000083b00000, 0x0000000083c00000|  0%| F|  |TAMS 0x0000000083b00000, 0x0000000083b00000| Untracked 
|  18|0x0000000083c00000, 0x0000000083c00000, 0x0000000083d00000|  0%| F|  |TAMS 0x0000000083c00000, 0x0000000083c00000| Untracked 
|  19|0x0000000083d00000, 0x0000000083d00000, 0x0000000083e00000|  0%| F|  |TAMS 0x0000000083d00000, 0x0000000083d00000| Untracked 
|  20|0x0000000083e00000, 0x0000000083e00000, 0x0000000083f00000|  0%| F|  |TAMS 0x0000000083e00000, 0x0000000083e00000| Untracked 
|  21|0x0000000083f00000, 0x0000000083f00000, 0x0000000084000000|  0%| F|  |TAMS 0x0000000083f00000, 0x0000000083f00000| Untracked 
|  22|0x0000000084000000, 0x0000000084000000, 0x0000000084100000|  0%| F|  |TAMS 0x0000000084000000, 0x0000000084000000| Untracked 
|  23|0x0000000084100000, 0x0000000084100000, 0x0000000084200000|  0%| F|  |TAMS 0x0000000084100000, 0x0000000084100000| Untracked 
|  24|0x0000000084200000, 0x0000000084200000, 0x0000000084300000|  0%| F|  |TAMS 0x0000000084200000, 0x0000000084200000| Untracked 
|  25|0x0000000084300000, 0x0000000084300000, 0x0000000084400000|  0%| F|  |TAMS 0x0000000084300000, 0x0000000084300000| Untracked 
|  26|0x0000000084400000, 0x0000000084400000, 0x0000000084500000|  0%| F|  |TAMS 0x0000000084400000, 0x0000000084400000| Untracked 
|  27|0x0000000084500000, 0x0000000084500000, 0x0000000084600000|  0%| F|  |TAMS 0x0000000084500000, 0x0000000084500000| Untracked 
|  28|0x0000000084600000, 0x0000000084600000, 0x0000000084700000|  0%| F|  |TAMS 0x0000000084600000, 0x0000000084600000| Untracked 
|  29|0x0000000084700000, 0x0000000084700000, 0x0000000084800000|  0%| F|  |TAMS 0x0000000084700000, 0x0000000084700000| Untracked 
|  30|0x0000000084800000, 0x0000000084800000, 0x0000000084900000|  0%| F|  |TAMS 0x0000000084800000, 0x0000000084800000| Untracked 
|  31|0x0000000084900000, 0x0000000084900000, 0x0000000084a00000|  0%| F|  |TAMS 0x0000000084900000, 0x0000000084900000| Untracked 
|  32|0x0000000084a00000, 0x0000000084a00000, 0x0000000084b00000|  0%| F|  |TAMS 0x0000000084a00000, 0x0000000084a00000| Untracked 
|  33|0x0000000084b00000, 0x0000000084b00000, 0x0000000084c00000|  0%| F|  |TAMS 0x0000000084b00000, 0x0000000084b00000| Untracked 
|  34|0x0000000084c00000, 0x0000000084c00000, 0x0000000084d00000|  0%| F|  |TAMS 0x0000000084c00000, 0x0000000084c00000| Untracked 
|  35|0x0000000084d00000, 0x0000000084d00000, 0x0000000084e00000|  0%| F|  |TAMS 0x0000000084d00000, 0x0000000084d00000| Untracked 
|  36|0x0000000084e00000, 0x0000000084e00000, 0x0000000084f00000|  0%| F|  |TAMS 0x0000000084e00000, 0x0000000084e00000| Untracked 
|  37|0x0000000084f00000, 0x0000000084f00000, 0x0000000085000000|  0%| F|  |TAMS 0x0000000084f00000, 0x0000000084f00000| Untracked 
|  38|0x0000000085000000, 0x0000000085000000, 0x0000000085100000|  0%| F|  |TAMS 0x0000000085000000, 0x0000000085000000| Untracked 
|  39|0x0000000085100000, 0x0000000085100000, 0x0000000085200000|  0%| F|  |TAMS 0x0000000085100000, 0x0000000085100000| Untracked 
|  40|0x0000000085200000, 0x0000000085200000, 0x0000000085300000|  0%| F|  |TAMS 0x0000000085200000, 0x0000000085200000| Untracked 
|  41|0x0000000085300000, 0x0000000085300000, 0x0000000085400000|  0%| F|  |TAMS 0x0000000085300000, 0x0000000085300000| Untracked 
|  42|0x0000000085400000, 0x0000000085400000, 0x0000000085500000|  0%| F|  |TAMS 0x0000000085400000, 0x0000000085400000| Untracked 
|  43|0x0000000085500000, 0x0000000085500000, 0x0000000085600000|  0%| F|  |TAMS 0x0000000085500000, 0x0000000085500000| Untracked 
|  44|0x0000000085600000, 0x0000000085600000, 0x0000000085700000|  0%| F|  |TAMS 0x0000000085600000, 0x0000000085600000| Untracked 
|  45|0x0000000085700000, 0x0000000085700000, 0x0000000085800000|  0%| F|  |TAMS 0x0000000085700000, 0x0000000085700000| Untracked 
|  46|0x0000000085800000, 0x0000000085800000, 0x0000000085900000|  0%| F|  |TAMS 0x0000000085800000, 0x0000000085800000| Untracked 
|  47|0x0000000085900000, 0x0000000085900000, 0x0000000085a00000|  0%| F|  |TAMS 0x0000000085900000, 0x0000000085900000| Untracked 
|  48|0x0000000085a00000, 0x0000000085a00000, 0x0000000085b00000|  0%| F|  |TAMS 0x0000000085a00000, 0x0000000085a00000| Untracked 
|  49|0x0000000085b00000, 0x0000000085b00000, 0x0000000085c00000|  0%| F|  |TAMS 0x0000000085b00000, 0x0000000085b00000| Untracked 
|  50|0x0000000085c00000, 0x0000000085c00000, 0x0000000085d00000|  0%| F|  |TAMS 0x0000000085c00000, 0x0000000085c00000| Untracked 
|  51|0x0000000085d00000, 0x0000000085d00000, 0x0000000085e00000|  0%| F|  |TAMS 0x0000000085d00000, 0x0000000085d00000| Untracked 
|  52|0x0000000085e00000, 0x0000000085e00000, 0x0000000085f00000|  0%| F|  |TAMS 0x0000000085e00000, 0x0000000085e00000| Untracked 
|  53|0x0000000085f00000, 0x0000000085f00000, 0x0000000086000000|  0%| F|  |TAMS 0x0000000085f00000, 0x0000000085f00000| Untracked 
|  54|0x0000000086000000, 0x0000000086000000, 0x0000000086100000|  0%| F|  |TAMS 0x0000000086000000, 0x0000000086000000| Untracked 
|  55|0x0000000086100000, 0x0000000086100000, 0x0000000086200000|  0%| F|  |TAMS 0x0000000086100000, 0x0000000086100000| Untracked 
|  56|0x0000000086200000, 0x0000000086200000, 0x0000000086300000|  0%| F|  |TAMS 0x0000000086200000, 0x0000000086200000| Untracked 
|  57|0x0000000086300000, 0x0000000086300000, 0x0000000086400000|  0%| F|  |TAMS 0x0000000086300000, 0x0000000086300000| Untracked 
|  58|0x0000000086400000, 0x0000000086400000, 0x0000000086500000|  0%| F|  |TAMS 0x0000000086400000, 0x0000000086400000| Untracked 
|  59|0x0000000086500000, 0x0000000086500000, 0x0000000086600000|  0%| F|  |TAMS 0x0000000086500000, 0x0000000086500000| Untracked 
|  60|0x0000000086600000, 0x0000000086600000, 0x0000000086700000|  0%| F|  |TAMS 0x0000000086600000, 0x0000000086600000| Untracked 
|  61|0x0000000086700000, 0x0000000086700000, 0x0000000086800000|  0%| F|  |TAMS 0x0000000086700000, 0x0000000086700000| Untracked 
|  62|0x0000000086800000, 0x0000000086800000, 0x0000000086900000|  0%| F|  |TAMS 0x0000000086800000, 0x0000000086800000| Untracked 
|  63|0x0000000086900000, 0x0000000086900000, 0x0000000086a00000|  0%| F|  |TAMS 0x0000000086900000, 0x0000000086900000| Untracked 
|  64|0x0000000086a00000, 0x0000000086a00000, 0x0000000086b00000|  0%| F|  |TAMS 0x0000000086a00000, 0x0000000086a00000| Untracked 
|  65|0x0000000086b00000, 0x0000000086b00000, 0x0000000086c00000|  0%| F|  |TAMS 0x0000000086b00000, 0x0000000086b00000| Untracked 
|  66|0x0000000086c00000, 0x0000000086c00000, 0x0000000086d00000|  0%| F|  |TAMS 0x0000000086c00000, 0x0000000086c00000| Untracked 
|  67|0x0000000086d00000, 0x0000000086d00000, 0x0000000086e00000|  0%| F|  |TAMS 0x0000000086d00000, 0x0000000086d00000| Untracked 
|  68|0x0000000086e00000, 0x0000000086e00000, 0x0000000086f00000|  0%| F|  |TAMS 0x0000000086e00000, 0x0000000086e00000| Untracked 
|  69|0x0000000086f00000, 0x0000000086f00000, 0x0000000087000000|  0%| F|  |TAMS 0x0000000086f00000, 0x0000000086f00000| Untracked 
|  70|0x0000000087000000, 0x0000000087000000, 0x0000000087100000|  0%| F|  |TAMS 0x0000000087000000, 0x0000000087000000| Untracked 
|  71|0x0000000087100000, 0x0000000087100000, 0x0000000087200000|  0%| F|  |TAMS 0x0000000087100000, 0x0000000087100000| Untracked 
|  72|0x0000000087200000, 0x0000000087200000, 0x0000000087300000|  0%| F|  |TAMS 0x0000000087200000, 0x0000000087200000| Untracked 
|  73|0x0000000087300000, 0x0000000087300000, 0x0000000087400000|  0%| F|  |TAMS 0x0000000087300000, 0x0000000087300000| Untracked 
|  74|0x0000000087400000, 0x0000000087400000, 0x0000000087500000|  0%| F|  |TAMS 0x0000000087400000, 0x0000000087400000| Untracked 
|  75|0x0000000087500000, 0x0000000087500000, 0x0000000087600000|  0%| F|  |TAMS 0x0000000087500000, 0x0000000087500000| Untracked 
|  76|0x0000000087600000, 0x0000000087600000, 0x0000000087700000|  0%| F|  |TAMS 0x0000000087600000, 0x0000000087600000| Untracked 
|  77|0x0000000087700000, 0x0000000087700000, 0x0000000087800000|  0%| F|  |TAMS 0x0000000087700000, 0x0000000087700000| Untracked 
|  78|0x0000000087800000, 0x0000000087800000, 0x0000000087900000|  0%| F|  |TAMS 0x0000000087800000, 0x0000000087800000| Untracked 
|  79|0x0000000087900000, 0x0000000087900000, 0x0000000087a00000|  0%| F|  |TAMS 0x0000000087900000, 0x0000000087900000| Untracked 
|  80|0x0000000087a00000, 0x0000000087a00000, 0x0000000087b00000|  0%| F|  |TAMS 0x0000000087a00000, 0x0000000087a00000| Untracked 
|  81|0x0000000087b00000, 0x0000000087b00000, 0x0000000087c00000|  0%| F|  |TAMS 0x0000000087b00000, 0x0000000087b00000| Untracked 
|  82|0x0000000087c00000, 0x0000000087c00000, 0x0000000087d00000|  0%| F|  |TAMS 0x0000000087c00000, 0x0000000087c00000| Untracked 
|  83|0x0000000087d00000, 0x0000000087d00000, 0x0000000087e00000|  0%| F|  |TAMS 0x0000000087d00000, 0x0000000087d00000| Untracked 
|  84|0x0000000087e00000, 0x0000000087e00000, 0x0000000087f00000|  0%| F|  |TAMS 0x0000000087e00000, 0x0000000087e00000| Untracked 
|  85|0x0000000087f00000, 0x0000000087f00000, 0x0000000088000000|  0%| F|  |TAMS 0x0000000087f00000, 0x0000000087f00000| Untracked 
|  86|0x0000000088000000, 0x0000000088000000, 0x0000000088100000|  0%| F|  |TAMS 0x0000000088000000, 0x0000000088000000| Untracked 
|  87|0x0000000088100000, 0x0000000088100000, 0x0000000088200000|  0%| F|  |TAMS 0x0000000088100000, 0x0000000088100000| Untracked 
|  88|0x0000000088200000, 0x0000000088280800, 0x0000000088300000| 50%| E|  |TAMS 0x0000000088200000, 0x0000000088200000| Complete 
|  89|0x0000000088300000, 0x0000000088400000, 0x0000000088400000|100%| E|CS|TAMS 0x0000000088300000, 0x0000000088300000| Complete 
|  90|0x0000000088400000, 0x0000000088500000, 0x0000000088500000|100%| E|CS|TAMS 0x0000000088400000, 0x0000000088400000| Complete 
|  91|0x0000000088500000, 0x0000000088600000, 0x0000000088600000|100%| E|CS|TAMS 0x0000000088500000, 0x0000000088500000| Complete 
|  92|0x0000000088600000, 0x0000000088700000, 0x0000000088700000|100%| E|CS|TAMS 0x0000000088600000, 0x0000000088600000| Complete 
|  93|0x0000000088700000, 0x0000000088800000, 0x0000000088800000|100%| E|CS|TAMS 0x0000000088700000, 0x0000000088700000| Complete 
|  94|0x0000000088800000, 0x0000000088900000, 0x0000000088900000|100%| E|CS|TAMS 0x0000000088800000, 0x0000000088800000| Complete 
|  95|0x0000000088900000, 0x0000000088a00000, 0x0000000088a00000|100%| E|CS|TAMS 0x0000000088900000, 0x0000000088900000| Complete 
|  96|0x0000000088a00000, 0x0000000088b00000, 0x0000000088b00000|100%| E|CS|TAMS 0x0000000088a00000, 0x0000000088a00000| Complete 
|  97|0x0000000088b00000, 0x0000000088c00000, 0x0000000088c00000|100%| E|CS|TAMS 0x0000000088b00000, 0x0000000088b00000| Complete 
|  98|0x0000000088c00000, 0x0000000088d00000, 0x0000000088d00000|100%| E|CS|TAMS 0x0000000088c00000, 0x0000000088c00000| Complete 
|  99|0x0000000088d00000, 0x0000000088e00000, 0x0000000088e00000|100%| E|CS|TAMS 0x0000000088d00000, 0x0000000088d00000| Complete 
| 100|0x0000000088e00000, 0x0000000088f00000, 0x0000000088f00000|100%| E|CS|TAMS 0x0000000088e00000, 0x0000000088e00000| Complete 
| 101|0x0000000088f00000, 0x0000000089000000, 0x0000000089000000|100%| E|CS|TAMS 0x0000000088f00000, 0x0000000088f00000| Complete 
| 102|0x0000000089000000, 0x0000000089100000, 0x0000000089100000|100%| E|CS|TAMS 0x0000000089000000, 0x0000000089000000| Complete 
| 103|0x0000000089100000, 0x0000000089200000, 0x0000000089200000|100%| E|CS|TAMS 0x0000000089100000, 0x0000000089100000| Complete 
| 104|0x0000000089200000, 0x0000000089300000, 0x0000000089300000|100%| E|CS|TAMS 0x0000000089200000, 0x0000000089200000| Complete 
| 105|0x0000000089300000, 0x0000000089400000, 0x0000000089400000|100%| E|CS|TAMS 0x0000000089300000, 0x0000000089300000| Complete 
| 106|0x0000000089400000, 0x0000000089500000, 0x0000000089500000|100%| E|CS|TAMS 0x0000000089400000, 0x0000000089400000| Complete 
| 107|0x0000000089500000, 0x0000000089600000, 0x0000000089600000|100%| E|CS|TAMS 0x0000000089500000, 0x0000000089500000| Complete 
| 108|0x0000000089600000, 0x0000000089700000, 0x0000000089700000|100%| E|CS|TAMS 0x0000000089600000, 0x0000000089600000| Complete 
| 109|0x0000000089700000, 0x0000000089800000, 0x0000000089800000|100%| E|CS|TAMS 0x0000000089700000, 0x0000000089700000| Complete 
| 110|0x0000000089800000, 0x0000000089900000, 0x0000000089900000|100%| S|CS|TAMS 0x0000000089800000, 0x0000000089800000| Complete 
| 111|0x0000000089900000, 0x0000000089a00000, 0x0000000089a00000|100%| S|CS|TAMS 0x0000000089900000, 0x0000000089900000| Complete 
| 112|0x0000000089a00000, 0x0000000089b00000, 0x0000000089b00000|100%| E|CS|TAMS 0x0000000089a00000, 0x0000000089a00000| Complete 
| 113|0x0000000089b00000, 0x0000000089c00000, 0x0000000089c00000|100%| E|CS|TAMS 0x0000000089b00000, 0x0000000089b00000| Complete 
| 114|0x0000000089c00000, 0x0000000089d00000, 0x0000000089d00000|100%| E|CS|TAMS 0x0000000089c00000, 0x0000000089c00000| Complete 
| 115|0x0000000089d00000, 0x0000000089e00000, 0x0000000089e00000|100%| E|CS|TAMS 0x0000000089d00000, 0x0000000089d00000| Complete 
| 116|0x0000000089e00000, 0x0000000089f00000, 0x0000000089f00000|100%| E|CS|TAMS 0x0000000089e00000, 0x0000000089e00000| Complete 
| 117|0x0000000089f00000, 0x000000008a000000, 0x000000008a000000|100%| E|CS|TAMS 0x0000000089f00000, 0x0000000089f00000| Complete 
| 118|0x000000008a000000, 0x000000008a100000, 0x000000008a100000|100%| E|CS|TAMS 0x000000008a000000, 0x000000008a000000| Complete 
| 119|0x000000008a100000, 0x000000008a200000, 0x000000008a200000|100%| E|CS|TAMS 0x000000008a100000, 0x000000008a100000| Complete 
| 120|0x000000008a200000, 0x000000008a300000, 0x000000008a300000|100%| E|CS|TAMS 0x000000008a200000, 0x000000008a200000| Complete 
| 121|0x000000008a300000, 0x000000008a400000, 0x000000008a400000|100%| E|CS|TAMS 0x000000008a300000, 0x000000008a300000| Complete 
| 122|0x000000008a400000, 0x000000008a500000, 0x000000008a500000|100%| E|CS|TAMS 0x000000008a400000, 0x000000008a400000| Complete 
| 123|0x000000008a500000, 0x000000008a600000, 0x000000008a600000|100%| E|CS|TAMS 0x000000008a500000, 0x000000008a500000| Complete 
| 124|0x000000008a600000, 0x000000008a700000, 0x000000008a700000|100%| E|CS|TAMS 0x000000008a600000, 0x000000008a600000| Complete 
| 125|0x000000008a700000, 0x000000008a800000, 0x000000008a800000|100%| E|CS|TAMS 0x000000008a700000, 0x000000008a700000| Complete 

Card table byte_map: [0x0000021dfc700000,0x0000021dfcaf0000] _byte_map_base: 0x0000021dfc2eb000

Marking Bits (Prev, Next): (CMBitMap*) 0x0000021df3f4bcc8, (CMBitMap*) 0x0000021df3f4bd08
 Prev Bits: [0x0000021dfcee0000, 0x0000021dfee38000)
 Next Bits: [0x0000021d8f000000, 0x0000021d90f58000)

Polling page: 0x0000021df20a0000

Metaspace:

Usage:
  Non-class:     13.81 MB capacity,    13.45 MB ( 97%) used,   317.05 KB (  2%) free+waste,    49.06 KB ( <1%) overhead. 
      Class:      2.05 MB capacity,     1.83 MB ( 89%) used,   199.77 KB (  9%) free+waste,    25.38 KB (  1%) overhead. 
       Both:     15.86 MB capacity,    15.28 MB ( 96%) used,   516.81 KB (  3%) free+waste,    74.44 KB ( <1%) overhead. 

Virtual space:
  Non-class space:       14.00 MB reserved,      14.00 MB (100%) committed 
      Class space:        1.00 GB reserved,       2.13 MB ( <1%) committed 
             Both:        1.01 GB reserved,      16.13 MB (  2%) committed 

Chunk freelists:
   Non-Class:  768 bytes
       Class:  1.13 KB
        Both:  1.88 KB

CodeHeap 'non-profiled nmethods': size=120064Kb used=609Kb max_used=609Kb free=119454Kb
 bounds [0x0000021d87ac0000, 0x0000021d87d30000, 0x0000021d8f000000]
CodeHeap 'profiled nmethods': size=120000Kb used=3790Kb max_used=3790Kb free=116209Kb
 bounds [0x0000021d80590000, 0x0000021d80950000, 0x0000021d87ac0000]
CodeHeap 'non-nmethods': size=5696Kb used=1179Kb max_used=1191Kb free=4516Kb
 bounds [0x0000021d80000000, 0x0000021d80270000, 0x0000021d80590000]
 total_blobs=2707 nmethods=1823 adapters=418
 compilation: enabled
              stopped_count=0, restarted_count=0
 full_count=0

Compilation events (10 events):
Event: 18.368 Thread 0x0000021dff32e000 nmethod 1777 0x0000021d80920b10 code [0x0000021d80920ce0, 0x0000021d80920fb8]
Event: 18.368 Thread 0x0000021dff32e000 1778       3       java.util.regex.Pattern$CharPredicate$$Lambda$60/0x00000008012c0040::is (9 bytes)
Event: 18.369 Thread 0x0000021dff32e000 nmethod 1778 0x0000021d80921090 code [0x0000021d80921260, 0x0000021d809215d0]
Event: 18.369 Thread 0x0000021dff32e000 1779       3       java.util.regex.Pattern$CharPredicate::lambda$negate$3 (16 bytes)
Event: 18.369 Thread 0x0000021dff32e000 nmethod 1779 0x0000021d80921710 code [0x0000021d809218e0, 0x0000021d80921b90]
Event: 18.372 Thread 0x0000021dff32e000 1780       3       java.lang.invoke.ClassSpecializer$SpeciesData::fieldCount (10 bytes)
Event: 18.372 Thread 0x0000021dff32e000 nmethod 1780 0x0000021d80921c10 code [0x0000021d80921de0, 0x0000021d80922030]
Event: 18.373 Thread 0x0000021dff32e000 1781       3       java.lang.invoke.LambdaForm::editor (5 bytes)
Event: 18.374 Thread 0x0000021dff32e000 nmethod 1781 0x0000021d80922110 code [0x0000021d80922300, 0x0000021d809226b0]
Event: 18.374 Thread 0x0000021dff32e000 1783       3       java.lang.invoke.LambdaFormEditor::getInCache (186 bytes)

GC Heap History (2 events):
Event: 0.984 GC heap before
{Heap before GC invocations=0 (full 0):
 garbage-first heap   total 129024K, used 15360K [0x0000000082a00000, 0x0000000100000000)
  region size 1024K, 14 young (14336K), 0 survivors (0K)
 Metaspace       used 6105K, capacity 6797K, committed 6912K, reserved 1056768K
  class space    used 691K, capacity 758K, committed 768K, reserved 1048576K
}
Event: 0.989 GC heap after
{Heap after GC invocations=1 (full 0):
 garbage-first heap   total 129024K, used 4575K [0x0000000082a00000, 0x0000000100000000)
  region size 1024K, 2 young (2048K), 2 survivors (2048K)
 Metaspace       used 6105K, capacity 6797K, committed 6912K, reserved 1056768K
  class space    used 691K, capacity 758K, committed 768K, reserved 1048576K
}

Deoptimization events (10 events):
Event: 1.621 Thread 0x0000021df3f0d000 Uncommon trap: reason=unstable_if action=reinterpret pc=0x0000021d87b0e274 method=java.lang.String.replace(CC)Ljava/lang/String; @ 2 c2
Event: 1.644 Thread 0x0000021d93ca1800 Uncommon trap: reason=unstable_if action=reinterpret pc=0x0000021d87b13fec method=java.lang.CharacterDataLatin1.digit(II)I @ 12 c2
Event: 2.160 Thread 0x0000021d93ca1800 Uncommon trap: reason=unstable_if action=reinterpret pc=0x0000021d87b12574 method=java.lang.CharacterDataLatin1.digit(II)I @ 12 c2
Event: 2.322 Thread 0x0000021df3f0d000 Uncommon trap: reason=unstable_if action=reinterpret pc=0x0000021d87b228c8 method=java.io.ByteArrayInputStream.read([BII)I @ 35 c2
Event: 2.371 Thread 0x0000021df3f0d000 Uncommon trap: reason=unstable_if action=reinterpret pc=0x0000021d87b43b68 method=java.util.regex.Pattern$BmpCharProperty.match(Ljava/util/regex/Matcher;ILjava/lang/CharSequence;)Z @ 5 c2
Event: 18.229 Thread 0x0000021df3f0d000 Uncommon trap: reason=class_check action=maybe_recompile pc=0x0000021d87b4ecc4 method=org.openqa.selenium.json.Input.init()V @ 18 c2
Event: 18.229 Thread 0x0000021df3f0d000 Uncommon trap: reason=class_check action=maybe_recompile pc=0x0000021d87b4ecc4 method=org.openqa.selenium.json.Input.init()V @ 18 c2
Event: 18.230 Thread 0x0000021df3f0d000 Uncommon trap: reason=class_check action=maybe_recompile pc=0x0000021d87b4ecc4 method=org.openqa.selenium.json.Input.init()V @ 18 c2
Event: 18.230 Thread 0x0000021df3f0d000 Uncommon trap: reason=class_check action=maybe_recompile pc=0x0000021d87b4ecc4 method=org.openqa.selenium.json.Input.init()V @ 18 c2
Event: 18.289 Thread 0x0000021df3f0d000 Uncommon trap: reason=class_check action=maybe_recompile pc=0x0000021d87b0f748 method=java.util.concurrent.ConcurrentHashMap.putVal(Ljava/lang/Object;Ljava/lang/Object;Z)Ljava/lang/Object; @ 242 c2

Classes redefined (0 events):
No events

Internal exceptions (10 events):
Event: 2.228 Thread 0x0000021df3f0d000 Exception <a 'java/lang/NoSuchMethodError'{0x00000000893de190}: java.lang.invoke.DirectMethodHandle$Holder.invokeVirtual(Ljava/lang/Object;Ljava/lang/Object;Ljava/lang/Object;)Ljava/lang/Object;> (0x00000000893de190) thrown at [t:/workspace/open/src/hotsp
Event: 2.255 Thread 0x0000021df3f0d000 Exception <a 'java/lang/NoSuchMethodError'{0x00000000892c2360}: java.lang.invoke.DirectMethodHandle$Holder.invokeVirtual(Ljava/lang/Object;Ljava/lang/Object;)I> (0x00000000892c2360) thrown at [t:/workspace/open/src/hotspot/share/interpreter/linkResolver.c
Event: 2.256 Thread 0x0000021df3f0d000 Exception <a 'java/lang/NoSuchMethodError'{0x00000000892c79b0}: java.lang.invoke.DirectMethodHandle$Holder.invokeVirtual(Ljava/lang/Object;Ljava/lang/Object;)D> (0x00000000892c79b0) thrown at [t:/workspace/open/src/hotspot/share/interpreter/linkResolver.c
Event: 2.257 Thread 0x0000021df3f0d000 Exception <a 'java/lang/NoSuchMethodError'{0x00000000892cd258}: java.lang.invoke.DirectMethodHandle$Holder.invokeVirtual(Ljava/lang/Object;Ljava/lang/Object;)F> (0x00000000892cd258) thrown at [t:/workspace/open/src/hotspot/share/interpreter/linkResolver.c
Event: 2.258 Thread 0x0000021df3f0d000 Exception <a 'java/lang/NoSuchMethodError'{0x00000000892d4d68}: java.lang.invoke.DirectMethodHandle$Holder.invokeVirtual(Ljava/lang/Object;Ljava/lang/Object;)J> (0x00000000892d4d68) thrown at [t:/workspace/open/src/hotspot/share/interpreter/linkResolver.c
Event: 2.370 Thread 0x0000021df3f0d000 Exception <a 'java/lang/NoSuchMethodError'{0x0000000088e6f0d0}: java.lang.invoke.DirectMethodHandle$Holder.invokeStatic(Ljava/lang/Object;Ljava/lang/Object;Ljava/lang/Object;Ljava/lang/Object;Ljava/lang/Object;)V> (0x0000000088e6f0d0) thrown at [t:/worksp
Event: 2.461 Thread 0x0000021df3f0d000 Exception <a 'java/lang/NoSuchMethodError'{0x0000000088a52580}: java.lang.invoke.DirectMethodHandle$Holder.invokeStatic(Ljava/lang/Object;Ljava/lang/Object;Ljava/lang/Object;Ljava/lang/Object;)V> (0x0000000088a52580) thrown at [t:/workspace/open/src/hotsp
Event: 18.244 Thread 0x0000021df3f0d000 Exception <a 'java/lang/NoSuchMethodError'{0x00000000887087e0}: java.lang.invoke.DirectMethodHandle$Holder.invokeSpecialIFC(Ljava/lang/Object;Ljava/lang/Object;Ljava/lang/Object;)Ljava/lang/Object;> (0x00000000887087e0) thrown at [t:/workspace/open/src/ho
Event: 18.272 Thread 0x0000021df3f0d000 Exception <a 'java/lang/ClassNotFoundException'{0x0000000088747be0}: sun/misc/SharedSecrets> (0x0000000088747be0) thrown at [t:/workspace/open/src/hotspot/share/classfile/systemDictionary.cpp, line 235]
Event: 18.273 Thread 0x0000021df3f0d000 Exception <a 'java/lang/reflect/InvocationTargetException'{0x0000000088748158}> (0x0000000088748158) thrown at [t:/workspace/open/src/hotspot/share/runtime/reflection.cpp, line 1183]

Events (10 events):
Event: 18.369 loading class org/apache/poi/openxml4j/opc/internal/marshallers/PackagePropertiesMarshaller
Event: 18.369 loading class org/apache/poi/openxml4j/opc/internal/marshallers/PackagePropertiesMarshaller done
Event: 18.370 loading class org/w3c/dom/Node
Event: 18.370 loading class org/w3c/dom/Node done
Event: 18.371 loading class javax/xml/stream/XMLEventFactory
Event: 18.371 loading class javax/xml/stream/XMLEventFactory done
Event: 18.371 loading class javax/xml/stream/FactoryFinder
Event: 18.371 loading class javax/xml/stream/FactoryFinder done
Event: 18.374 loading class javax/xml/stream/FactoryFinder$1
Event: 18.374 loading class javax/xml/stream/FactoryFinder$1 done


Dynamic libraries:
0x00007ff6d6a50000 - 0x00007ff6d6a5f000 	C:\Program Files\Java\jdk-12.0.2\bin\javaw.exe
0x00007ffaae9e0000 - 0x00007ffaaebd0000 	C:\Windows\SYSTEM32\ntdll.dll
0x00007ffaadb50000 - 0x00007ffaadc02000 	C:\Windows\System32\KERNEL32.DLL
0x00007ffaac450000 - 0x00007ffaac6f2000 	C:\Windows\System32\KERNELBASE.dll
0x00007ffaab940000 - 0x00007ffaaba3a000 	C:\Windows\System32\ucrtbase.dll
0x00007ffaa6790000 - 0x00007ffaa67a8000 	C:\Program Files\Java\jdk-12.0.2\bin\jli.dll
0x00007ffaa8e90000 - 0x00007ffaa8ea6000 	C:\Program Files\Java\jdk-12.0.2\bin\VCRUNTIME140.dll
0x00007ffaae1a0000 - 0x00007ffaae243000 	C:\Windows\System32\ADVAPI32.dll
0x00007ffaae2c0000 - 0x00007ffaae35e000 	C:\Windows\System32\msvcrt.dll
0x00007ffaad170000 - 0x00007ffaad207000 	C:\Windows\System32\sechost.dll
0x00007ffaad210000 - 0x00007ffaad330000 	C:\Windows\System32\RPCRT4.dll
0x00007ffaae360000 - 0x00007ffaae4f3000 	C:\Windows\System32\USER32.dll
0x00007ffaac730000 - 0x00007ffaac751000 	C:\Windows\System32\win32u.dll
0x00007ffa9e7a0000 - 0x00007ffa9ea25000 	C:\Windows\WinSxS\amd64_microsoft.windows.common-controls_6595b64144ccf1df_6.0.18362.30_none_a1435978519dce7f\COMCTL32.dll
0x00007ffaacd80000 - 0x00007ffaacda6000 	C:\Windows\System32\GDI32.dll
0x00007ffaadde0000 - 0x00007ffaae116000 	C:\Windows\System32\combase.dll
0x00007ffaac8b0000 - 0x00007ffaaca44000 	C:\Windows\System32\gdi32full.dll
0x00007ffaac210000 - 0x00007ffaac291000 	C:\Windows\System32\bcryptPrimitives.dll
0x00007ffaac760000 - 0x00007ffaac7fe000 	C:\Windows\System32\msvcp_win.dll
0x00007ffa9a7c0000 - 0x00007ffa9a7ca000 	C:\Windows\SYSTEM32\VERSION.dll
0x00007ffaadc10000 - 0x00007ffaadc3e000 	C:\Windows\System32\IMM32.DLL
0x00007ffa87710000 - 0x00007ffa877ba000 	C:\Program Files\Java\jdk-12.0.2\bin\msvcp140.dll
0x00007ffa646e0000 - 0x00007ffa65257000 	C:\Program Files\Java\jdk-12.0.2\bin\server\jvm.dll
0x00007ffaacd70000 - 0x00007ffaacd78000 	C:\Windows\System32\PSAPI.DLL
0x00007ffaa4a40000 - 0x00007ffaa4a49000 	C:\Windows\SYSTEM32\WSOCK32.dll
0x00007ffaa9850000 - 0x00007ffaa9874000 	C:\Windows\SYSTEM32\WINMM.dll
0x00007ffaadd70000 - 0x00007ffaadddf000 	C:\Windows\System32\WS2_32.dll
0x00007ffaa9820000 - 0x00007ffaa984d000 	C:\Windows\SYSTEM32\WINMMBASE.dll
0x00007ffaac1c0000 - 0x00007ffaac20a000 	C:\Windows\System32\cfgmgr32.dll
0x00007ffaab890000 - 0x00007ffaab8a1000 	C:\Windows\System32\kernel.appcore.dll
0x00007ffaa46e0000 - 0x00007ffaa46f1000 	C:\Program Files\Java\jdk-12.0.2\bin\verify.dll
0x00007ffa9a470000 - 0x00007ffa9a664000 	C:\Windows\SYSTEM32\DBGHELP.DLL
0x00007ffa9a440000 - 0x00007ffa9a46a000 	C:\Windows\SYSTEM32\dbgcore.DLL
0x00007ffaa3dc0000 - 0x00007ffaa3de6000 	C:\Program Files\Java\jdk-12.0.2\bin\java.dll
0x00007ffaa4600000 - 0x00007ffaa4617000 	C:\Program Files\Java\jdk-12.0.2\bin\zip.dll
0x00007ffaa9940000 - 0x00007ffaa994a000 	C:\Program Files\Java\jdk-12.0.2\bin\jimage.dll
0x00007ffaad470000 - 0x00007ffaadb50000 	C:\Windows\System32\SHELL32.dll
0x00007ffaacbc0000 - 0x00007ffaacc69000 	C:\Windows\System32\shcore.dll
0x00007ffaaba40000 - 0x00007ffaac1bb000 	C:\Windows\System32\windows.storage.dll
0x00007ffaab8b0000 - 0x00007ffaab8cf000 	C:\Windows\System32\profapi.dll
0x00007ffaab8f0000 - 0x00007ffaab93a000 	C:\Windows\System32\powrprof.dll
0x00007ffaab880000 - 0x00007ffaab890000 	C:\Windows\System32\UMPDC.dll
0x00007ffaae120000 - 0x00007ffaae172000 	C:\Windows\System32\shlwapi.dll
0x00007ffaaca50000 - 0x00007ffaaca67000 	C:\Windows\System32\cryptsp.dll
0x00007ffaa06e0000 - 0x00007ffaa06f9000 	C:\Program Files\Java\jdk-12.0.2\bin\net.dll
0x00007ffa9c040000 - 0x00007ffa9c214000 	C:\Windows\SYSTEM32\urlmon.dll
0x00007ffaa18d0000 - 0x00007ffaa19bf000 	C:\Windows\SYSTEM32\WINHTTP.dll
0x00007ffa9f620000 - 0x00007ffa9f8c6000 	C:\Windows\SYSTEM32\iertutil.dll
0x00007ffaab2c0000 - 0x00007ffaab2cc000 	C:\Windows\SYSTEM32\CRYPTBASE.DLL
0x00007ffaab0f0000 - 0x00007ffaab157000 	C:\Windows\system32\mswsock.dll
0x00007ffaa06c0000 - 0x00007ffaa06d3000 	C:\Program Files\Java\jdk-12.0.2\bin\nio.dll
0x00007ffaaae30000 - 0x00007ffaaaefa000 	C:\Windows\SYSTEM32\DNSAPI.dll
0x00007ffaae2b0000 - 0x00007ffaae2b8000 	C:\Windows\System32\NSI.dll
0x00007ffaaadf0000 - 0x00007ffaaae2a000 	C:\Windows\SYSTEM32\IPHLPAPI.DLL
0x00007ffaa1e00000 - 0x00007ffaa1e0a000 	C:\Windows\System32\rasadhlp.dll
0x00007ffaa7060000 - 0x00007ffaa70d7000 	C:\Windows\System32\fwpuclnt.dll
0x00007ffaac700000 - 0x00007ffaac726000 	C:\Windows\System32\bcrypt.dll
0x00007ffaaac50000 - 0x00007ffaaac83000 	C:\Windows\system32\rsaenh.dll
0x00007ffaab7a0000 - 0x00007ffaab7c5000 	C:\Windows\SYSTEM32\USERENV.dll
0x00007ffaa6330000 - 0x00007ffaa6346000 	C:\Windows\SYSTEM32\dhcpcsvc6.DLL
0x00007ffaa5f20000 - 0x00007ffaa5f3c000 	C:\Windows\SYSTEM32\dhcpcsvc.DLL
0x00007ffa88150000 - 0x00007ffa88177000 	C:\Program Files\Java\jdk-12.0.2\bin\sunec.dll
0x00007ffaa9880000 - 0x00007ffaa988e000 	C:\Program Files\Java\jdk-12.0.2\bin\sunmscapi.dll
0x00007ffaac2a0000 - 0x00007ffaac3e9000 	C:\Windows\System32\CRYPT32.dll
0x00007ffaab8d0000 - 0x00007ffaab8e2000 	C:\Windows\System32\MSASN1.dll
0x00007ffaab3c0000 - 0x00007ffaab3e6000 	C:\Windows\SYSTEM32\ncrypt.dll
0x00007ffaab380000 - 0x00007ffaab3bb000 	C:\Windows\SYSTEM32\NTASN1.dll
0x00007ffa904f0000 - 0x00007ffa90506000 	C:\Windows\system32\napinsp.dll
0x00007ffa9a800000 - 0x00007ffa9a81a000 	C:\Windows\system32\pnrpnsp.dll
0x00007ffa9a820000 - 0x00007ffa9a82e000 	C:\Windows\System32\winrnr.dll
0x00007ffaa8af0000 - 0x00007ffaa8b0c000 	C:\Windows\system32\NLAapi.dll
0x00007ffaa70e0000 - 0x00007ffaa70f5000 	C:\Windows\system32\wshbth.dll

dbghelp: loaded successfully - version: 4.0.5 - missing functions: none
symbol engine: initialized successfully - sym options: 0x614 - pdb path: .;C:\Program Files\Java\jdk-12.0.2\bin;C:\Windows\SYSTEM32;C:\Windows\WinSxS\amd64_microsoft.windows.common-controls_6595b64144ccf1df_6.0.18362.30_none_a1435978519dce7f;C:\Program Files\Java\jdk-12.0.2\bin\server

VM Arguments:
jvm_args: -ea -Dfile.encoding=Cp1252 
java_command: org.testng.remote.RemoteTestNG -serport 59387 -protocol json -d C:\Users\Suraj.konangi\eclipse-workspace\yatra-holidaypackage\test-output C:\Users\SURAJ~1.KON\AppData\Local\Temp\testng-eclipse--1033242268\testng-customsuite.xml
java_class_path (initial): C:\Users\Suraj.konangi\eclipse\java-2019-062\eclipse\configuration\org.eclipse.osgi\481\0\.cp\lib\testng-remote.jar;C:\Users\Suraj.konangi\eclipse-workspace\yatra-holidaypackage\target\test-classes;C:\Users\Suraj.konangi\eclipse-workspace\yatra-holidaypackage\target\classes;C:\Users\Suraj.konangi\eclipse\java-2019-062\eclipse\configuration\org.eclipse.osgi\481\0\.cp\lib\testng.jar;C:\Users\Suraj.konangi\eclipse\java-2019-062\eclipse\configuration\org.eclipse.osgi\481\0\.cp\lib\jcommander.jar;C:\Users\Suraj.konangi\eclipse\java-2019-062\eclipse\configuration\org.eclipse.osgi\481\0\.cp\lib\bsh-2.0b4.jar;C:\Users\Suraj.konangi\eclipse\java-2019-062\eclipse\configuration\org.eclipse.osgi\481\0\.cp\lib\snakeyaml.jar;C:\Users\Suraj.konangi\.m2\repository\log4j\log4j\1.2.17\log4j-1.2.17.jar;C:\Users\Suraj.konangi\.m2\repository\org\seleniumhq\selenium\selenium-java\3.141.59\selenium-java-3.141.59.jar;C:\Users\Suraj.konangi\.m2\repository\org\seleniumhq\selenium\selenium-api\3.141.59\selenium-api-3.141.59.jar;C:\Users\Suraj.konangi\.m2\repository\org\seleniumhq\selenium\selenium-chrome-driver\3.141.59\selenium-chrome-driver-3.141.59.jar;C:\Users\Suraj.konangi\.m2\repository\org\seleniumhq\selenium\selenium-edge-driver\3.141.59\selenium-edge-driver-3.141.59.jar;C:\Users\Suraj.konangi\.m2\repository\org\seleniumhq\selenium\selenium-firefox-driver\3.141.59\selenium-firefox-driver-3.141.59.jar;C:\Users\Suraj.konangi\.m2\repository\org\seleniumhq\selenium\selenium-ie-driver\3.141.59\selenium-ie-driver-3.141.59.jar;C:\Users\Suraj.konangi\.m2\repository\org\seleniumhq\selenium\selenium-opera-driver\3.141.59\selenium-opera-driver-3.141.59.jar;C:\Users\Suraj.konangi\.m2\repository\org\seleniumhq\selenium\selenium-remote-driver\3.141.59\selenium-remote-driver-3.141.59.jar;C:\Users\Suraj.konangi\.m2\repository\org\seleniumhq\selenium\selenium-safari-driver\3.141.59\selenium-safari-driver-3.141.59.jar;C:\Users\Suraj.konangi\.m2\repository\org\seleniumhq\sel
Launcher Type: SUN_STANDARD

[Global flags]
     intx CICompilerCount                          = 3                                         {product} {ergonomic}
     uint ConcGCThreads                            = 1                                         {product} {ergonomic}
     uint G1ConcRefinementThreads                  = 4                                         {product} {ergonomic}
   size_t G1HeapRegionSize                         = 1048576                                   {product} {ergonomic}
    uintx GCDrainStackTargetSize                   = 64                                        {product} {ergonomic}
   size_t InitialHeapSize                          = 132120576                                 {product} {ergonomic}
   size_t MarkStackSize                            = 4194304                                   {product} {ergonomic}
   size_t MaxHeapSize                              = 2103443456                                {product} {ergonomic}
   size_t MaxNewSize                               = 1261436928                                {product} {ergonomic}
   size_t MinHeapDeltaBytes                        = 1048576                                   {product} {ergonomic}
    uintx NonNMethodCodeHeapSize                   = 5830732                                {pd product} {ergonomic}
    uintx NonProfiledCodeHeapSize                  = 122913754                              {pd product} {ergonomic}
    uintx ProfiledCodeHeapSize                     = 122913754                              {pd product} {ergonomic}
    uintx ReservedCodeCacheSize                    = 251658240                              {pd product} {ergonomic}
     bool SegmentedCodeCache                       = true                                      {product} {ergonomic}
     bool UseCompressedClassPointers               = true                                 {lp64_product} {ergonomic}
     bool UseCompressedOops                        = true                                 {lp64_product} {ergonomic}
     bool UseG1GC                                  = true                                      {product} {ergonomic}
     bool UseLargePagesIndividualAllocation        = false                                  {pd product} {ergonomic}

Logging:
Log output configuration:
 #0: stdout all=warning uptime,level,tags
 #1: stderr all=off uptime,level,tags

Environment Variables:
JAVA_HOME=C:\Program Files\Java\jdk-12.0.2
CLASSPATH=C:\Program Files\Java\jdk-12.0.2\bin
PATH=C:/Program Files/Java/jdk-12.0.2/bin/server;C:/Program Files/Java/jdk-12.0.2/bin;C:\Windows\system32;C:\Windows;C:\Windows\System32\Wbem;C:\Windows\System32\WindowsPowerShell\v1.0\;C:\Windows\System32\OpenSSH\;C:\Program Files\Microsoft SQL Server\Client SDK\ODBC\130\Tools\Binn\;C:\Program Files (x86)\Microsoft SQL Server\140\Tools\Binn\;C:\Program Files\Microsoft SQL Server\140\Tools\Binn\;C:\Program Files\Microsoft SQL Server\140\DTS\Binn\;C:\Program Files (x86)\Microsoft SQL Server\150\DTS\Binn\;C:\Program Files\Java\jdk-12.0.2\bin;C:\Users\Suraj.konangi\Downloads\apache-maven-3.6.1-bin\apache-maven-3.6.1\bin;C:\Users\Suraj.konangi\Desktop;
USERNAME=suraj.konangi
OS=Windows_NT
PROCESSOR_IDENTIFIER=Intel64 Family 6 Model 58 Stepping 9, GenuineIntel



---------------  S Y S T E M  ---------------

OS: Windows 10 , 64 bit Build 18362 (10.0.18362.1)

CPU:total 4 (initial active 4) (2 cores per cpu, 2 threads per core) family 6 model 58 stepping 9, cmov, cx8, fxsr, mmx, sse, sse2, sse3, ssse3, sse4.1, sse4.2, popcnt, avx, aes, clmul, erms, ht, tsc, tscinvbit, tscinv

Memory: 4k page, system-wide physical 8019M (1522M free)
TotalPageFile size 32595M (AvailPageFile size 2M)
current process WorkingSet (physical memory assigned to process): 105M, peak: 105M
current process commit charge ("private bytes"): 222M, peak: 222M

vm_info: Java HotSpot(TM) 64-Bit Server VM (12.0.2+10) for windows-amd64 JRE (12.0.2+10), built on Jul 16 2019 01:56:17 by "mach5one" with MS VC++ 15.5 (VS2017)

END.
